Removed Pin From Net: NetName=GND Pin=U1-1
Removed Pin From Net: NetName=NetC3_2 Pin=U1-2
Removed Pin From Net: NetName=GND Pin=U1-4
Removed Pin From Net: NetName=NetR3_1 Pin=U1-7
Removed Pin From Net: NetName=NetR4_1 Pin=U1-15
Removed Pin From Net: NetName=NetC9_2 Pin=U1-26
Removed Pin From Net: NetName=NetC10_1 Pin=U1-27
Removed Pin From Net: NetName=GND Pin=U1-28
Removed Pin From Net: NetName=GND Pin=U1-29
Removed Pin From Net: NetName=GND Pin=U1-58
Removed Pin From Net: NetName=nRESET Pin=U1-72
Removed Pin From Net: NetName=SWDIO Pin=U1-73
Removed Pin From Net: NetName=SWDCLK Pin=U1-74
Removed Pin From Net: NetName=NetJ1_A4 Pin=U1-77
Removed Pin From Net: NetName=DATA_N Pin=U1-78
Removed Pin From Net: NetName=DATA_P Pin=U1-79
Added Component: Designator=U?(HOLYIOT NRF54H20)
Added Pin To Net: NetName=GND Pin=U?-1
Added Pin To Net: NetName=NetC3_2 Pin=U?-2
Added Pin To Net: NetName=GND Pin=U?-4
Added Pin To Net: NetName=NetR3_1 Pin=U?-7
Added Pin To Net: NetName=NetR4_1 Pin=U?-15
Added Pin To Net: NetName=NetC9_2 Pin=U?-26
Added Pin To Net: NetName=NetC10_1 Pin=U?-27
Added Pin To Net: NetName=GND Pin=U?-28
Added Pin To Net: NetName=GND Pin=U?-29
Added Pin To Net: NetName=GND Pin=U?-58
Added Pin To Net: NetName=nRESET Pin=U?-72
Added Pin To Net: NetName=SWDIO Pin=U?-73
Added Pin To Net: NetName=SWDCLK Pin=U?-74
Added Pin To Net: NetName=NetJ1_A4 Pin=U?-77
Added Pin To Net: NetName=DATA_N Pin=U?-78
Added Pin To Net: NetName=DATA_P Pin=U?-79
Added Pin To Net: NetName=NetU3_2 Pin=U3-2
Added Pin To Net: NetName=NetU3_2 Pin=U?-20
Added Net: Name=NetU3_2
Added Pin To Net: NetName=NetU3_3 Pin=U3-3
Added Pin To Net: NetName=NetU3_3 Pin=U?-10
Added Net: Name=NetU3_3
Added Pin To Net: NetName=NetU3_5 Pin=U3-5
Added Pin To Net: NetName=NetU3_5 Pin=U?-13
Added Net: Name=NetU3_5
Added Pin To Net: NetName=NetU?_3 Pin=U?-3
Added Pin To Net: NetName=NetU?_3 Pin=XA43-1
Added Net: Name=NetU?_3
Added Pin To Net: NetName=NetU?_5 Pin=U?-5
Added Pin To Net: NetName=NetU?_5 Pin=XA46-1
Added Net: Name=NetU?_5
Added Pin To Net: NetName=NetU?_6 Pin=U?-6
Added Pin To Net: NetName=NetU?_6 Pin=XA45-1
Added Net: Name=NetU?_6
Added Pin To Net: NetName=NetU?_8 Pin=U?-8
Added Pin To Net: NetName=NetU?_8 Pin=XA85-1
Added Net: Name=NetU?_8
Added Pin To Net: NetName=NetU?_9 Pin=U?-9
Added Pin To Net: NetName=NetU?_9 Pin=XA84-1
Added Net: Name=NetU?_9
Added Pin To Net: NetName=NetU?_11 Pin=U?-11
Added Pin To Net: NetName=NetU?_11 Pin=XA83-1
Added Net: Name=NetU?_11
Added Pin To Net: NetName=NetU?_12 Pin=U?-12
Added Pin To Net: NetName=NetU?_12 Pin=XA82-1
Added Net: Name=NetU?_12
Added Pin To Net: NetName=NetU?_14 Pin=U?-14
Added Pin To Net: NetName=NetU?_14 Pin=XA81-1
Added Net: Name=NetU?_14
Added Pin To Net: NetName=NetU?_16 Pin=U?-16
Added Pin To Net: NetName=NetU?_16 Pin=XA77-1
Added Net: Name=NetU?_16
Added Pin To Net: NetName=NetU?_17 Pin=U?-17
Added Pin To Net: NetName=NetU?_17 Pin=XA78-1
Added Net: Name=NetU?_17
Added Pin To Net: NetName=NetU?_18 Pin=U?-18
Added Pin To Net: NetName=NetU?_18 Pin=XA79-1
Added Net: Name=NetU?_18
Added Pin To Net: NetName=NetU?_19 Pin=U?-19
Added Pin To Net: NetName=NetU?_19 Pin=XA80-1
Added Net: Name=NetU?_19
Added Pin To Net: NetName=NetU?_21 Pin=U?-21
Added Pin To Net: NetName=NetU?_21 Pin=XA67-1
Added Net: Name=NetU?_21
Added Pin To Net: NetName=NetU?_22 Pin=U?-22
Added Pin To Net: NetName=NetU?_22 Pin=XA68-1
Added Net: Name=NetU?_22
Added Pin To Net: NetName=NetU?_23 Pin=U?-23
Added Pin To Net: NetName=NetU?_23 Pin=XA69-1
Added Net: Name=NetU?_23
Added Pin To Net: NetName=NetU?_24 Pin=U?-24
Added Pin To Net: NetName=NetU?_24 Pin=XA70-1
Added Net: Name=NetU?_24
Added Pin To Net: NetName=NetU?_25 Pin=U?-25
Added Pin To Net: NetName=NetU?_25 Pin=XA71-1
Added Net: Name=NetU?_25
Added Pin To Net: NetName=NetU?_30 Pin=U?-30
Added Pin To Net: NetName=NetU?_30 Pin=XA76-1
Added Net: Name=NetU?_30
Added Pin To Net: NetName=NetU?_31 Pin=U?-31
Added Pin To Net: NetName=NetU?_31 Pin=XA75-1
Added Net: Name=NetU?_31
Added Pin To Net: NetName=NetU?_32 Pin=U?-32
Added Pin To Net: NetName=NetU?_32 Pin=XA74-1
Added Net: Name=NetU?_32
Added Pin To Net: NetName=NetU?_33 Pin=U?-33
Added Pin To Net: NetName=NetU?_33 Pin=XA73-1
Added Net: Name=NetU?_33
Added Pin To Net: NetName=NetU?_34 Pin=U?-34
Added Pin To Net: NetName=NetU?_34 Pin=XA72-1
Added Net: Name=NetU?_34
Added Pin To Net: NetName=NetU?_35 Pin=U?-35
Added Pin To Net: NetName=NetU?_35 Pin=XA93-1
Added Net: Name=NetU?_35
Added Pin To Net: NetName=NetU?_36 Pin=U?-36
Added Pin To Net: NetName=NetU?_36 Pin=XA92-1
Added Net: Name=NetU?_36
Added Pin To Net: NetName=NetU?_37 Pin=U?-37
Added Pin To Net: NetName=NetU?_37 Pin=XA91-1
Added Net: Name=NetU?_37
Added Pin To Net: NetName=NetU?_38 Pin=U?-38
Added Pin To Net: NetName=NetU?_38 Pin=XA90-1
Added Net: Name=NetU?_38
Added Pin To Net: NetName=NetU?_39 Pin=U?-39
Added Pin To Net: NetName=NetU?_39 Pin=XA89-1
Added Net: Name=NetU?_39
Added Pin To Net: NetName=NetU?_40 Pin=U?-40
Added Pin To Net: NetName=NetU?_40 Pin=XA88-1
Added Net: Name=NetU?_40
Added Pin To Net: NetName=NetU?_41 Pin=U?-41
Added Pin To Net: NetName=NetU?_41 Pin=XA87-1
Added Net: Name=NetU?_41
Added Pin To Net: NetName=NetU?_42 Pin=U?-42
Added Pin To Net: NetName=NetU?_42 Pin=XA86-1
Added Net: Name=NetU?_42
Added Pin To Net: NetName=NetU?_43 Pin=U?-43
Added Pin To Net: NetName=NetU?_43 Pin=XA22-1
Added Net: Name=NetU?_43
Added Pin To Net: NetName=NetU?_44 Pin=U?-44
Added Pin To Net: NetName=NetU?_44 Pin=XA21-1
Added Net: Name=NetU?_44
Added Pin To Net: NetName=NetU?_45 Pin=U?-45
Added Pin To Net: NetName=NetU?_45 Pin=XA18-1
Added Net: Name=NetU?_45
Added Pin To Net: NetName=NetU?_46 Pin=U?-46
Added Pin To Net: NetName=NetU?_46 Pin=XA19-1
Added Net: Name=NetU?_46
Added Pin To Net: NetName=NetU?_47 Pin=U?-47
Added Pin To Net: NetName=NetU?_47 Pin=XA20-1
Added Net: Name=NetU?_47
Added Pin To Net: NetName=NetU?_48 Pin=U?-48
Added Pin To Net: NetName=NetU?_48 Pin=XA37-1
Added Net: Name=NetU?_48
Added Pin To Net: NetName=NetU?_49 Pin=U?-49
Added Pin To Net: NetName=NetU?_49 Pin=XA38-1
Added Net: Name=NetU?_49
Added Pin To Net: NetName=NetU?_50 Pin=U?-50
Added Pin To Net: NetName=NetU?_50 Pin=XA13-1
Added Net: Name=NetU?_50
Added Pin To Net: NetName=NetU?_51 Pin=U?-51
Added Pin To Net: NetName=NetU?_51 Pin=XA17-1
Added Net: Name=NetU?_51
Added Pin To Net: NetName=NetU?_52 Pin=U?-52
Added Pin To Net: NetName=NetU?_52 Pin=XA29-1
Added Net: Name=NetU?_52
Added Pin To Net: NetName=NetU?_53 Pin=U?-53
Added Pin To Net: NetName=NetU?_53 Pin=XA28-1
Added Net: Name=NetU?_53
Added Pin To Net: NetName=NetU?_54 Pin=U?-54
Added Pin To Net: NetName=NetU?_54 Pin=XA27-1
Added Net: Name=NetU?_54
Added Pin To Net: NetName=NetU?_55 Pin=U?-55
Added Pin To Net: NetName=NetU?_55 Pin=XA44-1
Added Net: Name=NetU?_55
Added Pin To Net: NetName=NetU?_56 Pin=U?-56
Added Pin To Net: NetName=NetU?_56 Pin=XA26-1
Added Net: Name=NetU?_56
Added Pin To Net: NetName=NetU?_57 Pin=U?-57
Added Pin To Net: NetName=NetU?_57 Pin=XA25-1
Added Net: Name=NetU?_57
Added Pin To Net: NetName=NetU?_59 Pin=U?-59
Added Pin To Net: NetName=NetU?_59 Pin=XA31-1
Added Net: Name=NetU?_59
Added Pin To Net: NetName=NetU?_60 Pin=U?-60
Added Pin To Net: NetName=NetU?_60 Pin=XA32-1
Added Net: Name=NetU?_60
Added Pin To Net: NetName=NetU?_61 Pin=U?-61
Added Pin To Net: NetName=NetU?_61 Pin=XA34-1
Added Net: Name=NetU?_61
Added Pin To Net: NetName=NetU?_62 Pin=U?-62
Added Pin To Net: NetName=NetU?_62 Pin=XA42-1
Added Net: Name=NetU?_62
Added Pin To Net: NetName=NetU?_63 Pin=U?-63
Added Pin To Net: NetName=NetU?_63 Pin=XA41-1
Added Net: Name=NetU?_63
Added Pin To Net: NetName=NetU?_64 Pin=U?-64
Added Pin To Net: NetName=NetU?_64 Pin=XA40-1
Added Net: Name=NetU?_64
Added Pin To Net: NetName=NetU?_65 Pin=U?-65
Added Pin To Net: NetName=NetU?_65 Pin=XA39-1
Added Net: Name=NetU?_65
Added Pin To Net: NetName=NetU?_66 Pin=U?-66
Added Pin To Net: NetName=NetU?_66 Pin=XA16-1
Added Net: Name=NetU?_66
Added Pin To Net: NetName=NetU?_67 Pin=U?-67
Added Pin To Net: NetName=NetU?_67 Pin=XA15-1
Added Net: Name=NetU?_67
Added Pin To Net: NetName=NetU?_68 Pin=U?-68
Added Pin To Net: NetName=NetU?_68 Pin=XA14-1
Added Net: Name=NetU?_68
Added Pin To Net: NetName=NetU?_69 Pin=U?-69
Added Pin To Net: NetName=NetU?_69 Pin=XA23-1
Added Net: Name=NetU?_69
Added Pin To Net: NetName=NetU?_70 Pin=U?-70
Added Pin To Net: NetName=NetU?_70 Pin=XA24-1
Added Net: Name=NetU?_70
Added Pin To Net: NetName=NetU?_71 Pin=U?-71
Added Pin To Net: NetName=NetU?_71 Pin=XA47-1
Added Net: Name=NetU?_71
Added Pin To Net: NetName=NetU?_75 Pin=U?-75
Added Pin To Net: NetName=NetU?_75 Pin=XA48-1
Added Net: Name=NetU?_75
Added Pin To Net: NetName=NetU?_76 Pin=U?-76
Added Pin To Net: NetName=NetU?_76 Pin=XA66-1
Added Net: Name=NetU?_76
Added Pin To Net: NetName=NetU?_80 Pin=U?-80
Added Pin To Net: NetName=NetU?_80 Pin=XA65-1
Added Net: Name=NetU?_80
Added Pin To Net: NetName=NetU?_81 Pin=U?-81
Added Pin To Net: NetName=NetU?_81 Pin=XA35-1
Added Net: Name=NetU?_81
Added Pin To Net: NetName=NetU?_82 Pin=U?-82
Added Pin To Net: NetName=NetU?_82 Pin=XA36-1
Added Net: Name=NetU?_82
Added Pin To Net: NetName=NetU?_83 Pin=U?-83
Added Pin To Net: NetName=NetU?_83 Pin=XA33-1
Added Net: Name=NetU?_83
Added Pin To Net: NetName=NetU?_84 Pin=U?-84
Added Pin To Net: NetName=NetU?_84 Pin=XA30-1
Added Net: Name=NetU?_84
Add Class: Class already exists: U?
Add Class: Class already exists: U?
Add Class: Class already exists: U?
Add Class: Class already exists: U?
Add Class: Class already exists: U?
