Removed Pin From Net: NetName=NetC7_2 Pin=U2-10
Removed Pin From Net: NetName=NetC8_1 Pin=U2-11
Removed Member From Class: ClassName=U? Member=+3.3V
Removed Member From Class: ClassName=U? Member=But1
Removed Member From Class: ClassName=U? Member=C1
Removed Member From Class: ClassName=U? Member=C2
Removed Member From Class: ClassName=U? Member=C5
Removed Member From Class: ClassName=U? Member=C6
Removed Member From Class: ClassName=U? Member=C7
Removed Member From Class: ClassName=U? Member=C8
Removed Member From Class: ClassName=U? Member=C9
Removed Member From Class: ClassName=U? Member=C10
Removed Member From Class: ClassName=U? Member=C11
Removed Member From Class: ClassName=U? Member=C12
Removed Member From Class: ClassName=U? Member=C13
Removed Member From Class: ClassName=U? Member=C14
Removed Member From Class: ClassName=U? Member=C15
Removed Member From Class: ClassName=U? Member=Charge
Removed Member From Class: ClassName=U? Member=D1
Removed Member From Class: ClassName=U? Member=D2
Removed Member From Class: ClassName=U? Member=J2
Removed Member From Class: ClassName=U? Member=J3
Removed Member From Class: ClassName=U? Member=PINS
Removed Member From Class: ClassName=U? Member=R1(P)
Removed Member From Class: ClassName=U? Member=R3
Removed Member From Class: ClassName=U? Member=R4
Removed Member From Class: ClassName=U? Member=R6
Removed Member From Class: ClassName=U? Member=R7
Removed Member From Class: ClassName=U? Member=R8
Removed Member From Class: ClassName=U? Member=U3
Removed Member From Class: ClassName=U? Member=U4
Removed Member From Class: ClassName=U? Member=VR1
Added Component: Designator=R1(Yageo RC0805JR-0710KL)
Added Pin To Net: NetName=NetC8_1 Pin=U2-10
Added Pin To Net: NetName=NetC7_2 Pin=U2-11
Added Pin To Net: NetName=NetR1_1 Pin=R1-1
Added Pin To Net: NetName=NetR1_1 Pin=U1-7
Added Net: Name=NetR1_1
Added Pin To Net: NetName=NetR1_2 Pin=R1-2
Added Pin To Net: NetName=NetR1_2 Pin=U4-1
Added Net: Name=NetR1_2
Add Class: Class already exists: U?
Add Class: Class already exists: U?
Add Class: Class already exists: U?
Add Class: Class already exists: U?
Add Class: Class already exists: U?
