Removed Pin From Net: NetName=NetC3_2 Pin=R5-1
Removed Pin From Net: NetName=NetR3_1 Pin=U1-7
Removed Pin From Net: NetName=NetC10_1 Pin=U1-26
Removed Pin From Net: NetName=NetC9_2 Pin=U1-27
Change Component Designator: OldDesignator=XA13 NewDesignator=P1.02
Change Component Designator: OldDesignator=XA14 NewDesignator=P0.01/P0.01
Change Component Designator: OldDesignator=XA15 NewDesignator=P0.02/P0.02
Change Component Designator: OldDesignator=XA16 NewDesignator=P0.03/P0.03
Change Component Designator: OldDesignator=XA17 NewDesignator=P0.04/P0.04
Change Component Designator: OldDesignator=XA18 NewDesignator=P0.07
Change Component Designator: OldDesignator=XA19 NewDesignator=P0.06
Change Component Designator: OldDesignator=XA20 NewDesignator=P0.05
Change Component Designator: OldDesignator=XA21 NewDesignator=P0.08
Change Component Designator: OldDesignator=XA22 NewDesignator=P0.09
Change Component Designator: OldDesignator=XA23 NewDesignator=P0.10
Change Component Designator: OldDesignator=XA24 NewDesignator=P0.11
Change Component Designator: OldDesignator=XA25 NewDesignator=P1.01
Change Component Designator: OldDesignator=XA26 NewDesignator=P2.07/P2.07
Change Component Designator: OldDesignator=XA27 NewDesignator=P2.05/P2.05
Change Component Designator: OldDesignator=XA28 NewDesignator=P2.08/P2.08
Change Component Designator: OldDesignator=XA29 NewDesignator=P1.03
Change Component Designator: OldDesignator=XA30 NewDesignator=P1.05/P1.05
Change Component Designator: OldDesignator=XA31 NewDesignator=P1.07/P1.07
Change Component Designator: OldDesignator=XA32 NewDesignator=P1.06/P1.06
Change Component Designator: OldDesignator=XA33 NewDesignator=P1.08/P1.08
Change Component Designator: OldDesignator=XA34 NewDesignator=P1.09/P1.09
Change Component Designator: OldDesignator=XA35 NewDesignator=P1.10/P1.10
Change Component Designator: OldDesignator=XA36 NewDesignator=P1.11/P1.11
Change Component Designator: OldDesignator=XA37 NewDesignator=P9.00
Change Component Designator: OldDesignator=XA38 NewDesignator=P9.01
Change Component Designator: OldDesignator=XA39 NewDesignator=P9.02
Change Component Designator: OldDesignator=XA40 NewDesignator=P9.03
Change Component Designator: OldDesignator=XA41 NewDesignator=P9.04
Change Component Designator: OldDesignator=XA42 NewDesignator=P9.05
Change Component Designator: OldDesignator=XA43 NewDesignator=VDD/VDD
Change Component Designator: OldDesignator=XA44 NewDesignator=P1.04/P1.04
Change Component Designator: OldDesignator=XA45 NewDesignator=DVDD_AO
Change Component Designator: OldDesignator=XA46 NewDesignator=DVDD
Change Component Designator: OldDesignator=XA47 NewDesignator=VDDIO
Change Component Designator: OldDesignator=XA48 NewDesignator=VDD_EXT
Change Component Designator: OldDesignator=XA65 NewDesignator=VDD_USB
Change Component Designator: OldDesignator=XA66 NewDesignator=DVDD_USB
Change Component Designator: OldDesignator=XA67 NewDesignator=P2.00/P2.00
Change Component Designator: OldDesignator=XA68 NewDesignator=P2.01/P2.01
Change Component Designator: OldDesignator=XA69 NewDesignator=P2.02/P2.02
Change Component Designator: OldDesignator=XA70 NewDesignator=P2.03/P2.03
Change Component Designator: OldDesignator=XA71 NewDesignator=P2.04/P2.04
Change Component Designator: OldDesignator=XA72 NewDesignator=VDDL
Change Component Designator: OldDesignator=XA73 NewDesignator=P7.07/P2.10
Change Component Designator: OldDesignator=XA74 NewDesignator=P7.06
Change Component Designator: OldDesignator=XA75 NewDesignator=P1.00
Change Component Designator: OldDesignator=XA76 NewDesignator=P2.09/P2.09
Change Component Designator: OldDesignator=XA77 NewDesignator=P6.01
Change Component Designator: OldDesignator=XA78 NewDesignator=P6.02
Change Component Designator: OldDesignator=XA80 NewDesignator=P6.04
Change Component Designator: OldDesignator=XA81 NewDesignator=P6.06
Change Component Designator: OldDesignator=XA82 NewDesignator=P6.08
Change Component Designator: OldDesignator=XA84 NewDesignator=P6.11
Change Component Designator: OldDesignator=XA85 NewDesignator=P6.12
Change Component Designator: OldDesignator=XA86 NewDesignator=P7.00
Change Component Designator: OldDesignator=XA87 NewDesignator=P7.01
Change Component Designator: OldDesignator=XA88 NewDesignator=P7.02
Change Component Designator: OldDesignator=XA89 NewDesignator=P7.03/P1.14
Change Component Designator: OldDesignator=XA90 NewDesignator=P7.04/P1.12
Change Component Designator: OldDesignator=XA91 NewDesignator=P7.05/P1.13
Change Component Designator: OldDesignator=XA92 NewDesignator=P2.06/P2.06
Change Component Designator: OldDesignator=XA93 NewDesignator=P0.00/P0.00
Added Component: Designator=C15(CAPC1005X22N)
Add component (AddParameter): Name = "Check_prices"; Value = "https://www.snapeda.com/parts/GRM152R60J104KE19D/Murata/view-part/?ref=eda"; VariantName = "[No Variations]"
Add component (AddParameter): Name = "MF"; Value = "Murata"; VariantName = "[No Variations]"
Add component (AddParameter): Name = "MP"; Value = "GRM152R60J104KE19D"; VariantName = "[No Variations]"
Add component (AddParameter): Name = "Package"; Value = "1005 Murata"; VariantName = "[No Variations]"
Add component (AddParameter): Name = "SnapEDA_Link"; Value = "https://www.snapeda.com/parts/GRM152R60J104KE19D/Murata/view-part/?ref=snap"; VariantName = "[No Variations]"
Add component (AddParameter): Name = "Value"; Value = ""; VariantName = "[No Variations]"
Added Component: Designator=U4(APS1604M (SOP-8))
Added Pin To Net: NetName=GND Pin=C15-1
Added Pin To Net: NetName=NetC3_2 Pin=C15-2
Added Pin To Net: NetName=NetR3_1 Pin=U1-18
Added Pin To Net: NetName=NetC9_2 Pin=U1-26
Added Pin To Net: NetName=NetC10_1 Pin=U1-27
Added Pin To Net: NetName=GND Pin=U4-4
Added Pin To Net: NetName=NetC3_2 Pin=U4-8
Change Net Name : Old Net Name=NetC3_2 New Net Name=VDD_APS
Change Net Name : Old Net Name=NetR4_2 New Net Name=CK_APS
Change Net Name : Old Net Name=NetU1_5 New Net Name=NetDVDD_1
Change Net Name : Old Net Name=NetU1_6 New Net Name=NetDVDD_AO_1
Change Net Name : Old Net Name=NetU1_8 New Net Name=NetP6.12_1
Change Net Name : Old Net Name=NetU1_9 New Net Name=NetP6.11_1
Change Net Name : Old Net Name=NetU1_12 New Net Name=NetP6.08_1
Change Net Name : Old Net Name=NetU1_14 New Net Name=NetP6.06_1
Change Net Name : Old Net Name=NetU1_16 New Net Name=NetP6.01_1
Change Net Name : Old Net Name=NetU1_17 New Net Name=NetP6.02_1
Change Net Name : Old Net Name=NetU1_19 New Net Name=NetP6.04_1
Change Net Name : Old Net Name=NetU1_31 New Net Name=NetP1.00_1
Change Net Name : Old Net Name=NetU1_32 New Net Name=NetP7.06_1
Change Net Name : Old Net Name=NetU1_34 New Net Name=NetU1_55
Change Net Name : Old Net Name=NetU1_40 New Net Name=NetP7.02_1
Change Net Name : Old Net Name=NetU1_41 New Net Name=NetP7.01_1
Change Net Name : Old Net Name=NetU1_42 New Net Name=NetP7.00_1
Change Net Name : Old Net Name=NetU1_43 New Net Name=NetP0.09_1
Change Net Name : Old Net Name=NetU1_44 New Net Name=NetP0.08_1
Change Net Name : Old Net Name=NetU1_45 New Net Name=NetP0.07_1
Change Net Name : Old Net Name=NetU1_46 New Net Name=NetP0.06_1
Change Net Name : Old Net Name=NetU1_47 New Net Name=NetP0.05_1
Change Net Name : Old Net Name=NetU1_48 New Net Name=NetP9.00_1
Change Net Name : Old Net Name=NetU1_49 New Net Name=NetP9.01_1
Change Net Name : Old Net Name=NetU1_50 New Net Name=NetP1.02_1
Change Net Name : Old Net Name=NetU1_52 New Net Name=NetP1.03_1
Change Net Name : Old Net Name=NetU1_57 New Net Name=NetP1.01_1
Change Net Name : Old Net Name=NetU1_62 New Net Name=NetP9.05_1
Change Net Name : Old Net Name=NetU1_63 New Net Name=NetP9.04_1
Change Net Name : Old Net Name=NetU1_64 New Net Name=NetP9.03_1
Change Net Name : Old Net Name=NetU1_65 New Net Name=NetP9.02_1
Change Net Name : Old Net Name=NetU1_69 New Net Name=NetP0.10_1
Change Net Name : Old Net Name=NetU1_70 New Net Name=NetP0.11_1
Change Net Name : Old Net Name=NetU1_76 New Net Name=NetDVDD_USB_1
Added Pin To Net: NetName=IO0_APS Pin=U1-13
Added Pin To Net: NetName=IO0_APS Pin=U3-5
Added Pin To Net: NetName=IO0_APS Pin=U4-5
Added Net: Name=IO0_APS
Added Pin To Net: NetName=IO1_APS Pin=U1-20
Added Pin To Net: NetName=IO1_APS Pin=U3-2
Added Pin To Net: NetName=IO1_APS Pin=U4-2
Added Net: Name=IO1_APS
Added Pin To Net: NetName=IO2_APS Pin=U1-10
Added Pin To Net: NetName=IO2_APS Pin=U3-3
Added Pin To Net: NetName=IO2_APS Pin=U4-3
Added Net: Name=IO2_APS
Added Pin To Net: NetName=IO3_APS Pin=U1-11
Added Pin To Net: NetName=IO3_APS Pin=U3-7
Added Net: Name=IO3_APS
Added Pin To Net: NetName=NetU1_7 Pin=U1-7
Added Pin To Net: NetName=NetU1_7 Pin=U4-1
Added Net: Name=NetU1_7
Added Pin To Net: NetName=P0.00 Pin=P0.00/P0.00-1
Added Pin To Net: NetName=P0.00 Pin=U1-50
Added Pin To Net: NetName=P0.00 Pin=U2-28
Added Net: Name=P0.00
Added Pin To Net: NetName=P0.01 Pin=P0.01/P0.01-1
Added Pin To Net: NetName=P0.01 Pin=U1-68
Added Pin To Net: NetName=P0.01 Pin=U2-29
Added Net: Name=P0.01
Added Pin To Net: NetName=P0.02 Pin=P0.02/P0.02-1
Added Pin To Net: NetName=P0.02 Pin=U1-67
Added Pin To Net: NetName=P0.02 Pin=U2-32
Added Net: Name=P0.02
Added Pin To Net: NetName=P0.03 Pin=P0.03/P0.03-1
Added Pin To Net: NetName=P0.03 Pin=U1-66
Added Pin To Net: NetName=P0.03 Pin=U2-33
Added Net: Name=P0.03
Added Pin To Net: NetName=P0.04 Pin=P0.04/P0.04-1
Added Pin To Net: NetName=P0.04 Pin=U1-51
Added Pin To Net: NetName=P0.04 Pin=U2-34
Added Net: Name=P0.04
Added Pin To Net: NetName=P1.04 Pin=P1.04/P1.04-1
Added Pin To Net: NetName=P1.04 Pin=U1-52
Added Pin To Net: NetName=P1.04 Pin=U2-12
Added Net: Name=P1.04
Added Pin To Net: NetName=P1.05 Pin=P1.05/P1.05-1
Added Pin To Net: NetName=P1.05 Pin=U1-84
Added Pin To Net: NetName=P1.05 Pin=U2-13
Added Net: Name=P1.05
Added Pin To Net: NetName=P1.06 Pin=P1.06/P1.06-1
Added Pin To Net: NetName=P1.06 Pin=U1-59
Added Pin To Net: NetName=P1.06 Pin=U2-14
Added Net: Name=P1.06
Added Pin To Net: NetName=P1.07 Pin=P1.07/P1.07-1
Added Pin To Net: NetName=P1.07 Pin=U1-60
Added Pin To Net: NetName=P1.07 Pin=U2-15
Added Net: Name=P1.07
Added Pin To Net: NetName=P1.08 Pin=P1.08/P1.08-1
Added Pin To Net: NetName=P1.08 Pin=U1-83
Added Pin To Net: NetName=P1.08 Pin=U2-16
Added Net: Name=P1.08
Added Pin To Net: NetName=P1.09 Pin=P1.09/P1.09-1
Added Pin To Net: NetName=P1.09 Pin=U1-61
Added Pin To Net: NetName=P1.09 Pin=U2-2
Added Net: Name=P1.09
Added Pin To Net: NetName=P1.10 Pin=P1.10/P1.10-1
Added Pin To Net: NetName=P1.10 Pin=U1-81
Added Pin To Net: NetName=P1.10 Pin=U2-3
Added Net: Name=P1.10
Added Pin To Net: NetName=P1.11 Pin=P1.11/P1.11-1
Added Pin To Net: NetName=P1.11 Pin=U1-82
Added Pin To Net: NetName=P1.11 Pin=U2-5
Added Net: Name=P1.11
Added Pin To Net: NetName=P1.12 Pin=P7.04/P1.12-1
Added Pin To Net: NetName=P1.12 Pin=U1-38
Added Pin To Net: NetName=P1.12 Pin=U2-6
Added Net: Name=P1.12
Added Pin To Net: NetName=P1.13 Pin=P7.05/P1.13-1
Added Pin To Net: NetName=P1.13 Pin=U1-37
Added Pin To Net: NetName=P1.13 Pin=U2-7
Added Net: Name=P1.13
Added Pin To Net: NetName=P1.14 Pin=P7.03/P1.14-1
Added Pin To Net: NetName=P1.14 Pin=U1-39
Added Pin To Net: NetName=P1.14 Pin=U2-8
Added Net: Name=P1.14
Added Pin To Net: NetName=P2.00 Pin=P2.00/P2.00-1
Added Pin To Net: NetName=P2.00 Pin=U1-21
Added Pin To Net: NetName=P2.00 Pin=U2-17
Added Net: Name=P2.00
Added Pin To Net: NetName=P2.01 Pin=P2.01/P2.01-1
Added Pin To Net: NetName=P2.01 Pin=U1-22
Added Pin To Net: NetName=P2.01 Pin=U2-18
Added Net: Name=P2.01
Added Pin To Net: NetName=P2.02 Pin=P2.02/P2.02-1
Added Pin To Net: NetName=P2.02 Pin=U1-23
Added Pin To Net: NetName=P2.02 Pin=U2-19
Added Net: Name=P2.02
Added Pin To Net: NetName=P2.03 Pin=P2.03/P2.03-1
Added Pin To Net: NetName=P2.03 Pin=U1-24
Added Pin To Net: NetName=P2.03 Pin=U2-20
Added Net: Name=P2.03
Added Pin To Net: NetName=P2.04 Pin=P2.04/P2.04-1
Added Pin To Net: NetName=P2.04 Pin=U1-25
Added Pin To Net: NetName=P2.04 Pin=U2-21
Added Net: Name=P2.04
Added Pin To Net: NetName=P2.05 Pin=P2.05/P2.05-1
Added Pin To Net: NetName=P2.05 Pin=U1-34
Added Pin To Net: NetName=P2.05 Pin=U2-22
Added Net: Name=P2.05
Added Pin To Net: NetName=P2.06 Pin=P2.06/P2.06-1
Added Pin To Net: NetName=P2.06 Pin=U1-33
Added Pin To Net: NetName=P2.06 Pin=U2-23
Added Net: Name=P2.06
Added Pin To Net: NetName=P2.07 Pin=P2.07/P2.07-1
Added Pin To Net: NetName=P2.07 Pin=U1-32
Added Pin To Net: NetName=P2.07 Pin=U2-24
Added Net: Name=P2.07
Added Pin To Net: NetName=P2.08 Pin=P2.08/P2.08-1
Added Pin To Net: NetName=P2.08 Pin=U1-31
Added Pin To Net: NetName=P2.08 Pin=U2-25
Added Net: Name=P2.08
Added Pin To Net: NetName=P2.09 Pin=P2.09/P2.09-1
Added Pin To Net: NetName=P2.09 Pin=U1-30
Added Pin To Net: NetName=P2.09 Pin=U2-26
Added Net: Name=P2.09
Added Pin To Net: NetName=P2.10 Pin=P7.07/P2.10-1
Added Pin To Net: NetName=P2.10 Pin=U1-35
Added Pin To Net: NetName=P2.10 Pin=U2-27
Added Net: Name=P2.10
Added Pin To Net: NetName=VDD Pin=U1-3
Added Pin To Net: NetName=VDD Pin=U2-4
Added Pin To Net: NetName=VDD Pin=VDD/VDD-1
Added Net: Name=VDD
Add Class: Class already exists: U?
Add Class: Class already exists: U?
Add Class: Class already exists: U?
Add Class: Class already exists: U?
Add Class: Class already exists: U?
