Removed Pin From Net: NetName=GND Pin=J1-A1
Removed Pin From Net: NetName=DATA_P Pin=J1-A6
Removed Pin From Net: NetName=DATA_N Pin=J1-A7
Removed Pin From Net: NetName=GND Pin=J1-A12
Removed Pin From Net: NetName=GND Pin=J1-B1
Removed Pin From Net: NetName=DATA_P Pin=J1-B6
Removed Pin From Net: NetName=DATA_N Pin=J1-B7
Removed Pin From Net: NetName=GND Pin=J1-B12
Removed Pin From Net: NetName=NetC6_2 Pin=J1-SH1
Removed Pin From Net: NetName=NetC6_2 Pin=J1-SH2
Removed Pin From Net: NetName=NetC6_2 Pin=J1-SH3
Removed Pin From Net: NetName=NetC6_2 Pin=J1-SH4
Removed Pin From Net: NetName=NetC6_2 Pin=R8-1
Removed Pin From Net: NetName=GND Pin=R8-2
Added Component: Designator=J?(GCT_USB4085-GF-A_REVA4)
Add component (AddParameter): Name = "Availability"; Value = "In Stock"; VariantName = "[No Variations]"
Add component (AddParameter): Name = "Check_prices"; Value = "https://www.snapeda.com/parts/USB4085-GF-A/Global+Connector+Technology/view-part/?ref=eda"; VariantName = "[No Variations]"
Add component (AddParameter): Name = "MF"; Value = "Global Connector Technology"; VariantName = "[No Variations]"
Add component (AddParameter): Name = "MP"; Value = "USB4085-GF-A"; VariantName = "[No Variations]"
Add component (AddParameter): Name = "Package"; Value = "None"; VariantName = "[No Variations]"
Add component (AddParameter): Name = "Price"; Value = "None"; VariantName = "[No Variations]"
Add component (AddParameter): Name = "Purchase-URL"; Value = "https://pricing.snapeda.com/search/part/USB4085-GF-A/?ref=eda"; VariantName = "[No Variations]"
Add component (AddParameter): Name = "SnapEDA_Link"; Value = "https://www.snapeda.com/parts/USB4085-GF-A/Global+Connector+Technology/view-part/?ref=snap"; VariantName = "[No Variations]"
Add component (AddParameter): Name = "Value"; Value = ""; VariantName = "[No Variations]"
Added Pin To Net: NetName=GND Pin=J?-A1
Added Pin To Net: NetName=DATA_P Pin=J?-A6
Added Pin To Net: NetName=DATA_N Pin=J?-A7
Added Pin To Net: NetName=GND Pin=J?-A12
Added Pin To Net: NetName=GND Pin=J?-B1
Added Pin To Net: NetName=DATA_P Pin=J?-B6
Added Pin To Net: NetName=DATA_N Pin=J?-B7
Added Pin To Net: NetName=GND Pin=J?-B12
Added Pin To Net: NetName=NetC6_2 Pin=J?-S1
Added Pin To Net: NetName=NetC6_2 Pin=J?-S2
Added Pin To Net: NetName=NetC6_2 Pin=J?-S3
Added Pin To Net: NetName=NetC6_2 Pin=J?-S4
Added Pin To Net: NetName=GND Pin=R8-1
Added Pin To Net: NetName=NetC6_2 Pin=R8-2
Added Pin To Net: NetName=NetJ?_A4 Pin=J?-A4
Added Pin To Net: NetName=NetJ?_A4 Pin=J?-A9
Added Pin To Net: NetName=NetJ?_A4 Pin=J?-B4
Added Pin To Net: NetName=NetJ?_A4 Pin=J?-B9
Added Pin To Net: NetName=NetJ?_A4 Pin=U1-77
Added Net: Name=NetJ?_A4
Added Pin To Net: NetName=NetJ?_A5 Pin=J?-A5
Added Pin To Net: NetName=NetJ?_A5 Pin=R6-2
Added Net: Name=NetJ?_A5
Added Pin To Net: NetName=NetJ?_B5 Pin=J?-B5
Added Pin To Net: NetName=NetJ?_B5 Pin=R7-1
Added Net: Name=NetJ?_B5
Add Class: Class already exists: U?
Add Class: Class already exists: U?
Add Class: Class already exists: U?
Add Class: Class already exists: U?
Add Class: Class already exists: U?
