Added Component: Designator=C1(C_1210_Manual_mount)
Add component (AddParameter): Name = "Manufacturer"; Value = "Murata Manufacturing"; VariantName = "[No Variations]"
Add component (AddParameter): Name = "Part Number"; Value = "GRM32ER61H106MA12"; VariantName = "[No Variations]"
Add component (AddParameter): Name = "Rated voltage"; Value = "50 В"; VariantName = "[No Variations]"
Add component (AddParameter): Name = "Size"; Value = "1210"; VariantName = "[No Variations]"
Add component (AddParameter): Name = "TC"; Value = "X5R"; VariantName = "[No Variations]"
Add component (AddParameter): Name = "Temperature coefficient"; Value = "±15 %"; VariantName = "[No Variations]"
Add component (AddParameter): Name = "Temperature range"; Value = "-55 ... 85 °C"; VariantName = "[No Variations]"
Add component (AddParameter): Name = "Tolerance"; Value = "20 %"; VariantName = "[No Variations]"
Add component (AddParameter): Name = "Type"; Value = "Конденсатор керамический"; VariantName = "[No Variations]"
Add component (AddParameter): Name = "Value"; Value = "10 мк"; VariantName = "[No Variations]"
Added Component: Designator=C2(C_1210_Manual_mount)
Add component (AddParameter): Name = "Manufacturer"; Value = "Murata Manufacturing"; VariantName = "[No Variations]"
Add component (AddParameter): Name = "Part Number"; Value = "GRM32ER61H106MA12"; VariantName = "[No Variations]"
Add component (AddParameter): Name = "Rated voltage"; Value = "50 В"; VariantName = "[No Variations]"
Add component (AddParameter): Name = "Size"; Value = "1210"; VariantName = "[No Variations]"
Add component (AddParameter): Name = "TC"; Value = "X5R"; VariantName = "[No Variations]"
Add component (AddParameter): Name = "Temperature coefficient"; Value = "±15 %"; VariantName = "[No Variations]"
Add component (AddParameter): Name = "Temperature range"; Value = "-55 ... 85 °C"; VariantName = "[No Variations]"
Add component (AddParameter): Name = "Tolerance"; Value = "20 %"; VariantName = "[No Variations]"
Add component (AddParameter): Name = "Type"; Value = "Конденсатор керамический"; VariantName = "[No Variations]"
Add component (AddParameter): Name = "Value"; Value = "10 мк"; VariantName = "[No Variations]"
Added Component: Designator=C3(C_0603_Manual_mount)
Add component (AddParameter): Name = "Manufacturer"; Value = "Murata Manufacturing"; VariantName = "[No Variations]"
Add component (AddParameter): Name = "Part Number"; Value = "GRM1885C1H270JA01"; VariantName = "[No Variations]"
Add component (AddParameter): Name = "Rated voltage"; Value = "50 В"; VariantName = "[No Variations]"
Add component (AddParameter): Name = "Size"; Value = "0603"; VariantName = "[No Variations]"
Add component (AddParameter): Name = "TC"; Value = "C0G"; VariantName = "[No Variations]"
Add component (AddParameter): Name = "Temperature coefficient"; Value = "±30 ppm/°C"; VariantName = "[No Variations]"
Add component (AddParameter): Name = "Temperature range"; Value = "-55 ... 125 °C"; VariantName = "[No Variations]"
Add component (AddParameter): Name = "Tolerance"; Value = "5 %"; VariantName = "[No Variations]"
Add component (AddParameter): Name = "Type"; Value = "Конденсатор керамический"; VariantName = "[No Variations]"
Add component (AddParameter): Name = "Value"; Value = "27"; VariantName = "[No Variations]"
Added Component: Designator=C4(C_1206_Manual_mount)
Add component (AddParameter): Name = "Manufacturer"; Value = "Murata Manufacturing"; VariantName = "[No Variations]"
Add component (AddParameter): Name = "Part Number"; Value = "GRM31MR71H105KA88"; VariantName = "[No Variations]"
Add component (AddParameter): Name = "Rated voltage"; Value = "50 В"; VariantName = "[No Variations]"
Add component (AddParameter): Name = "Size"; Value = "1206"; VariantName = "[No Variations]"
Add component (AddParameter): Name = "TC"; Value = "X7R"; VariantName = "[No Variations]"
Add component (AddParameter): Name = "Temperature coefficient"; Value = "±15 %"; VariantName = "[No Variations]"
Add component (AddParameter): Name = "Temperature range"; Value = "-55 ... 125 °C"; VariantName = "[No Variations]"
Add component (AddParameter): Name = "Tolerance"; Value = "10 %"; VariantName = "[No Variations]"
Add component (AddParameter): Name = "Type"; Value = "Конденсатор керамический"; VariantName = "[No Variations]"
Add component (AddParameter): Name = "Value"; Value = "1 мк"; VariantName = "[No Variations]"
Added Component: Designator=C5(C_1206_Manual_mount)
Add component (AddParameter): Name = "Manufacturer"; Value = "Murata Manufacturing"; VariantName = "[No Variations]"
Add component (AddParameter): Name = "Part Number"; Value = "GRM31MR71H105KA88"; VariantName = "[No Variations]"
Add component (AddParameter): Name = "Rated voltage"; Value = "50 В"; VariantName = "[No Variations]"
Add component (AddParameter): Name = "Size"; Value = "1206"; VariantName = "[No Variations]"
Add component (AddParameter): Name = "TC"; Value = "X7R"; VariantName = "[No Variations]"
Add component (AddParameter): Name = "Temperature coefficient"; Value = "±15 %"; VariantName = "[No Variations]"
Add component (AddParameter): Name = "Temperature range"; Value = "-55 ... 125 °C"; VariantName = "[No Variations]"
Add component (AddParameter): Name = "Tolerance"; Value = "10 %"; VariantName = "[No Variations]"
Add component (AddParameter): Name = "Type"; Value = "Конденсатор керамический"; VariantName = "[No Variations]"
Add component (AddParameter): Name = "Value"; Value = "1 мк"; VariantName = "[No Variations]"
Added Component: Designator=C6(C_0603_Manual_mount)
Add component (AddParameter): Name = "Manufacturer"; Value = "Murata Manufacturing"; VariantName = "[No Variations]"
Add component (AddParameter): Name = "Part Number"; Value = "GRM1885C1H270JA01"; VariantName = "[No Variations]"
Add component (AddParameter): Name = "Rated voltage"; Value = "50 В"; VariantName = "[No Variations]"
Add component (AddParameter): Name = "Size"; Value = "0603"; VariantName = "[No Variations]"
Add component (AddParameter): Name = "TC"; Value = "C0G"; VariantName = "[No Variations]"
Add component (AddParameter): Name = "Temperature coefficient"; Value = "±30 ppm/°C"; VariantName = "[No Variations]"
Add component (AddParameter): Name = "Temperature range"; Value = "-55 ... 125 °C"; VariantName = "[No Variations]"
Add component (AddParameter): Name = "Tolerance"; Value = "5 %"; VariantName = "[No Variations]"
Add component (AddParameter): Name = "Type"; Value = "Конденсатор керамический"; VariantName = "[No Variations]"
Add component (AddParameter): Name = "Value"; Value = "27"; VariantName = "[No Variations]"
Added Component: Designator=C7(C_0603_Manual_mount)
Add component (AddParameter): Name = "Manufacturer"; Value = "Murata Manufacturing"; VariantName = "[No Variations]"
Add component (AddParameter): Name = "Part Number"; Value = "GRM1885C1H181JA01"; VariantName = "[No Variations]"
Add component (AddParameter): Name = "Rated voltage"; Value = "50 В"; VariantName = "[No Variations]"
Add component (AddParameter): Name = "Size"; Value = "0603"; VariantName = "[No Variations]"
Add component (AddParameter): Name = "TC"; Value = "C0G"; VariantName = "[No Variations]"
Add component (AddParameter): Name = "Temperature coefficient"; Value = "±30 ppm/°C"; VariantName = "[No Variations]"
Add component (AddParameter): Name = "Temperature range"; Value = "-55 ... 125 °C"; VariantName = "[No Variations]"
Add component (AddParameter): Name = "Tolerance"; Value = "5 %"; VariantName = "[No Variations]"
Add component (AddParameter): Name = "Type"; Value = "Конденсатор керамический"; VariantName = "[No Variations]"
Add component (AddParameter): Name = "Value"; Value = "180"; VariantName = "[No Variations]"
Added Component: Designator=C8(C_0603_Manual_mount)
Add component (AddParameter): Name = "Manufacturer"; Value = "Murata Manufacturing"; VariantName = "[No Variations]"
Add component (AddParameter): Name = "Part Number"; Value = "GRM1885C1H181JA01"; VariantName = "[No Variations]"
Add component (AddParameter): Name = "Rated voltage"; Value = "50 В"; VariantName = "[No Variations]"
Add component (AddParameter): Name = "Size"; Value = "0603"; VariantName = "[No Variations]"
Add component (AddParameter): Name = "TC"; Value = "C0G"; VariantName = "[No Variations]"
Add component (AddParameter): Name = "Temperature coefficient"; Value = "±30 ppm/°C"; VariantName = "[No Variations]"
Add component (AddParameter): Name = "Temperature range"; Value = "-55 ... 125 °C"; VariantName = "[No Variations]"
Add component (AddParameter): Name = "Tolerance"; Value = "5 %"; VariantName = "[No Variations]"
Add component (AddParameter): Name = "Type"; Value = "Конденсатор керамический"; VariantName = "[No Variations]"
Add component (AddParameter): Name = "Value"; Value = "180"; VariantName = "[No Variations]"
Added Component: Designator=C9(C_0603_Manual_mount)
Add component (AddParameter): Name = "Manufacturer"; Value = "Murata Manufacturing"; VariantName = "[No Variations]"
Add component (AddParameter): Name = "Part Number"; Value = "GRM188R71H104KA93"; VariantName = "[No Variations]"
Add component (AddParameter): Name = "Rated voltage"; Value = "50 В"; VariantName = "[No Variations]"
Add component (AddParameter): Name = "Size"; Value = "0603"; VariantName = "[No Variations]"
Add component (AddParameter): Name = "TC"; Value = "X7R"; VariantName = "[No Variations]"
Add component (AddParameter): Name = "Temperature coefficient"; Value = "±15 %"; VariantName = "[No Variations]"
Add component (AddParameter): Name = "Temperature range"; Value = "-55 ... 125 °C"; VariantName = "[No Variations]"
Add component (AddParameter): Name = "Tolerance"; Value = "10 %"; VariantName = "[No Variations]"
Add component (AddParameter): Name = "Type"; Value = "Конденсатор керамический"; VariantName = "[No Variations]"
Add component (AddParameter): Name = "Value"; Value = "0,1 мк"; VariantName = "[No Variations]"
Added Component: Designator=C10(C_0603_Manual_mount)
Add component (AddParameter): Name = "Manufacturer"; Value = "Murata Manufacturing"; VariantName = "[No Variations]"
Add component (AddParameter): Name = "Part Number"; Value = "GRM188R71H104KA93"; VariantName = "[No Variations]"
Add component (AddParameter): Name = "Rated voltage"; Value = "50 В"; VariantName = "[No Variations]"
Add component (AddParameter): Name = "Size"; Value = "0603"; VariantName = "[No Variations]"
Add component (AddParameter): Name = "TC"; Value = "X7R"; VariantName = "[No Variations]"
Add component (AddParameter): Name = "Temperature coefficient"; Value = "±15 %"; VariantName = "[No Variations]"
Add component (AddParameter): Name = "Temperature range"; Value = "-55 ... 125 °C"; VariantName = "[No Variations]"
Add component (AddParameter): Name = "Tolerance"; Value = "10 %"; VariantName = "[No Variations]"
Add component (AddParameter): Name = "Type"; Value = "Конденсатор керамический"; VariantName = "[No Variations]"
Add component (AddParameter): Name = "Value"; Value = "0,1 мк"; VariantName = "[No Variations]"
Added Component: Designator=C11(C_0603_Manual_mount)
Add component (AddParameter): Name = "Manufacturer"; Value = "Murata Manufacturing"; VariantName = "[No Variations]"
Add component (AddParameter): Name = "Part Number"; Value = "GRM188R61E106MA73"; VariantName = "[No Variations]"
Add component (AddParameter): Name = "Rated voltage"; Value = "25 В"; VariantName = "[No Variations]"
Add component (AddParameter): Name = "Size"; Value = "0603"; VariantName = "[No Variations]"
Add component (AddParameter): Name = "TC"; Value = "X5R"; VariantName = "[No Variations]"
Add component (AddParameter): Name = "Temperature coefficient"; Value = "±15 %"; VariantName = "[No Variations]"
Add component (AddParameter): Name = "Temperature range"; Value = "-55 ... 85 °C"; VariantName = "[No Variations]"
Add component (AddParameter): Name = "Tolerance"; Value = "20 %"; VariantName = "[No Variations]"
Add component (AddParameter): Name = "Type"; Value = "Конденсатор керамический"; VariantName = "[No Variations]"
Add component (AddParameter): Name = "Value"; Value = "10 мк"; VariantName = "[No Variations]"
Added Component: Designator=C12(C_0603_Manual_mount)
Add component (AddParameter): Name = "Manufacturer"; Value = "Murata Manufacturing"; VariantName = "[No Variations]"
Add component (AddParameter): Name = "Part Number"; Value = "GRM188R61E106MA73"; VariantName = "[No Variations]"
Add component (AddParameter): Name = "Rated voltage"; Value = "25 В"; VariantName = "[No Variations]"
Add component (AddParameter): Name = "Size"; Value = "0603"; VariantName = "[No Variations]"
Add component (AddParameter): Name = "TC"; Value = "X5R"; VariantName = "[No Variations]"
Add component (AddParameter): Name = "Temperature coefficient"; Value = "±15 %"; VariantName = "[No Variations]"
Add component (AddParameter): Name = "Temperature range"; Value = "-55 ... 85 °C"; VariantName = "[No Variations]"
Add component (AddParameter): Name = "Tolerance"; Value = "20 %"; VariantName = "[No Variations]"
Add component (AddParameter): Name = "Type"; Value = "Конденсатор керамический"; VariantName = "[No Variations]"
Add component (AddParameter): Name = "Value"; Value = "10 мк"; VariantName = "[No Variations]"
Added Component: Designator=C13(C_0603_Manual_mount)
Add component (AddParameter): Name = "Manufacturer"; Value = "Murata Manufacturing"; VariantName = "[No Variations]"
Add component (AddParameter): Name = "Part Number"; Value = "GRM188R71H104KA93"; VariantName = "[No Variations]"
Add component (AddParameter): Name = "Rated voltage"; Value = "50 В"; VariantName = "[No Variations]"
Add component (AddParameter): Name = "Size"; Value = "0603"; VariantName = "[No Variations]"
Add component (AddParameter): Name = "TC"; Value = "X7R"; VariantName = "[No Variations]"
Add component (AddParameter): Name = "Temperature coefficient"; Value = "±15 %"; VariantName = "[No Variations]"
Add component (AddParameter): Name = "Temperature range"; Value = "-55 ... 125 °C"; VariantName = "[No Variations]"
Add component (AddParameter): Name = "Tolerance"; Value = "10 %"; VariantName = "[No Variations]"
Add component (AddParameter): Name = "Type"; Value = "Конденсатор керамический"; VariantName = "[No Variations]"
Add component (AddParameter): Name = "Value"; Value = "0,1 мк"; VariantName = "[No Variations]"
Added Component: Designator=C14(C_0603_Manual_mount)
Add component (AddParameter): Name = "Manufacturer"; Value = "Murata Manufacturing"; VariantName = "[No Variations]"
Add component (AddParameter): Name = "Part Number"; Value = "GRM188R71H104KA93"; VariantName = "[No Variations]"
Add component (AddParameter): Name = "Rated voltage"; Value = "50 В"; VariantName = "[No Variations]"
Add component (AddParameter): Name = "Size"; Value = "0603"; VariantName = "[No Variations]"
Add component (AddParameter): Name = "TC"; Value = "X7R"; VariantName = "[No Variations]"
Add component (AddParameter): Name = "Temperature coefficient"; Value = "±15 %"; VariantName = "[No Variations]"
Add component (AddParameter): Name = "Temperature range"; Value = "-55 ... 125 °C"; VariantName = "[No Variations]"
Add component (AddParameter): Name = "Tolerance"; Value = "10 %"; VariantName = "[No Variations]"
Add component (AddParameter): Name = "Type"; Value = "Конденсатор керамический"; VariantName = "[No Variations]"
Add component (AddParameter): Name = "Value"; Value = "0,1 мк"; VariantName = "[No Variations]"
Added Component: Designator=C15(C_0603_Manual_mount)
Add component (AddParameter): Name = "Manufacturer"; Value = "Murata Manufacturing"; VariantName = "[No Variations]"
Add component (AddParameter): Name = "Part Number"; Value = "GRM188R71H104KA93"; VariantName = "[No Variations]"
Add component (AddParameter): Name = "Rated voltage"; Value = "50 В"; VariantName = "[No Variations]"
Add component (AddParameter): Name = "Size"; Value = "0603"; VariantName = "[No Variations]"
Add component (AddParameter): Name = "TC"; Value = "X7R"; VariantName = "[No Variations]"
Add component (AddParameter): Name = "Temperature coefficient"; Value = "±15 %"; VariantName = "[No Variations]"
Add component (AddParameter): Name = "Temperature range"; Value = "-55 ... 125 °C"; VariantName = "[No Variations]"
Add component (AddParameter): Name = "Tolerance"; Value = "10 %"; VariantName = "[No Variations]"
Add component (AddParameter): Name = "Type"; Value = "Конденсатор керамический"; VariantName = "[No Variations]"
Add component (AddParameter): Name = "Value"; Value = "0,1 мк"; VariantName = "[No Variations]"
Added Component: Designator=C16(C_1210_Manual_mount)
Add component (AddParameter): Name = "Manufacturer"; Value = "Murata Manufacturing"; VariantName = "[No Variations]"
Add component (AddParameter): Name = "Part Number"; Value = "GRM32ER61H106MA12"; VariantName = "[No Variations]"
Add component (AddParameter): Name = "Rated voltage"; Value = "50 В"; VariantName = "[No Variations]"
Add component (AddParameter): Name = "Size"; Value = "1210"; VariantName = "[No Variations]"
Add component (AddParameter): Name = "TC"; Value = "X5R"; VariantName = "[No Variations]"
Add component (AddParameter): Name = "Temperature coefficient"; Value = "±15 %"; VariantName = "[No Variations]"
Add component (AddParameter): Name = "Temperature range"; Value = "-55 ... 85 °C"; VariantName = "[No Variations]"
Add component (AddParameter): Name = "Tolerance"; Value = "20 %"; VariantName = "[No Variations]"
Add component (AddParameter): Name = "Type"; Value = "Конденсатор керамический"; VariantName = "[No Variations]"
Add component (AddParameter): Name = "Value"; Value = "10 мк"; VariantName = "[No Variations]"
Added Component: Designator=C17(C_1210_Manual_mount)
Add component (AddParameter): Name = "Manufacturer"; Value = "Murata Manufacturing"; VariantName = "[No Variations]"
Add component (AddParameter): Name = "Part Number"; Value = "GRM32ER61H106MA12"; VariantName = "[No Variations]"
Add component (AddParameter): Name = "Rated voltage"; Value = "50 В"; VariantName = "[No Variations]"
Add component (AddParameter): Name = "Size"; Value = "1210"; VariantName = "[No Variations]"
Add component (AddParameter): Name = "TC"; Value = "X5R"; VariantName = "[No Variations]"
Add component (AddParameter): Name = "Temperature coefficient"; Value = "±15 %"; VariantName = "[No Variations]"
Add component (AddParameter): Name = "Temperature range"; Value = "-55 ... 85 °C"; VariantName = "[No Variations]"
Add component (AddParameter): Name = "Tolerance"; Value = "20 %"; VariantName = "[No Variations]"
Add component (AddParameter): Name = "Type"; Value = "Конденсатор керамический"; VariantName = "[No Variations]"
Add component (AddParameter): Name = "Value"; Value = "10 мк"; VariantName = "[No Variations]"
Added Component: Designator=C18(C_1206_Manual_mount)
Add component (AddParameter): Name = "Manufacturer"; Value = "Murata Manufacturing"; VariantName = "[No Variations]"
Add component (AddParameter): Name = "Part Number"; Value = "GRM31MR71H105KA88"; VariantName = "[No Variations]"
Add component (AddParameter): Name = "Rated voltage"; Value = "50 В"; VariantName = "[No Variations]"
Add component (AddParameter): Name = "Size"; Value = "1206"; VariantName = "[No Variations]"
Add component (AddParameter): Name = "TC"; Value = "X7R"; VariantName = "[No Variations]"
Add component (AddParameter): Name = "Temperature coefficient"; Value = "±15 %"; VariantName = "[No Variations]"
Add component (AddParameter): Name = "Temperature range"; Value = "-55 ... 125 °C"; VariantName = "[No Variations]"
Add component (AddParameter): Name = "Tolerance"; Value = "10 %"; VariantName = "[No Variations]"
Add component (AddParameter): Name = "Type"; Value = "Конденсатор керамический"; VariantName = "[No Variations]"
Add component (AddParameter): Name = "Value"; Value = "1 мк"; VariantName = "[No Variations]"
Added Component: Designator=C19(C_1206_Manual_mount)
Add component (AddParameter): Name = "Manufacturer"; Value = "Murata Manufacturing"; VariantName = "[No Variations]"
Add component (AddParameter): Name = "Part Number"; Value = "GRM31MR71H105KA88"; VariantName = "[No Variations]"
Add component (AddParameter): Name = "Rated voltage"; Value = "50 В"; VariantName = "[No Variations]"
Add component (AddParameter): Name = "Size"; Value = "1206"; VariantName = "[No Variations]"
Add component (AddParameter): Name = "TC"; Value = "X7R"; VariantName = "[No Variations]"
Add component (AddParameter): Name = "Temperature coefficient"; Value = "±15 %"; VariantName = "[No Variations]"
Add component (AddParameter): Name = "Temperature range"; Value = "-55 ... 125 °C"; VariantName = "[No Variations]"
Add component (AddParameter): Name = "Tolerance"; Value = "10 %"; VariantName = "[No Variations]"
Add component (AddParameter): Name = "Type"; Value = "Конденсатор керамический"; VariantName = "[No Variations]"
Add component (AddParameter): Name = "Value"; Value = "1 мк"; VariantName = "[No Variations]"
Added Component: Designator=C20(C_1206_Manual_mount)
Add component (AddParameter): Name = "Manufacturer"; Value = "Murata Manufacturing"; VariantName = "[No Variations]"
Add component (AddParameter): Name = "Part Number"; Value = "GRM31MR71H105KA88"; VariantName = "[No Variations]"
Add component (AddParameter): Name = "Rated voltage"; Value = "50 В"; VariantName = "[No Variations]"
Add component (AddParameter): Name = "Size"; Value = "1206"; VariantName = "[No Variations]"
Add component (AddParameter): Name = "TC"; Value = "X7R"; VariantName = "[No Variations]"
Add component (AddParameter): Name = "Temperature coefficient"; Value = "±15 %"; VariantName = "[No Variations]"
Add component (AddParameter): Name = "Temperature range"; Value = "-55 ... 125 °C"; VariantName = "[No Variations]"
Add component (AddParameter): Name = "Tolerance"; Value = "10 %"; VariantName = "[No Variations]"
Add component (AddParameter): Name = "Type"; Value = "Конденсатор керамический"; VariantName = "[No Variations]"
Add component (AddParameter): Name = "Value"; Value = "1 мк"; VariantName = "[No Variations]"
Added Component: Designator=C21(C_1210_Manual_mount)
Add component (AddParameter): Name = "Manufacturer"; Value = "Murata Manufacturing"; VariantName = "[No Variations]"
Add component (AddParameter): Name = "Part Number"; Value = "GRM32ER61H106MA12"; VariantName = "[No Variations]"
Add component (AddParameter): Name = "Rated voltage"; Value = "50 В"; VariantName = "[No Variations]"
Add component (AddParameter): Name = "Size"; Value = "1210"; VariantName = "[No Variations]"
Add component (AddParameter): Name = "TC"; Value = "X5R"; VariantName = "[No Variations]"
Add component (AddParameter): Name = "Temperature coefficient"; Value = "±15 %"; VariantName = "[No Variations]"
Add component (AddParameter): Name = "Temperature range"; Value = "-55 ... 85 °C"; VariantName = "[No Variations]"
Add component (AddParameter): Name = "Tolerance"; Value = "20 %"; VariantName = "[No Variations]"
Add component (AddParameter): Name = "Type"; Value = "Конденсатор керамический"; VariantName = "[No Variations]"
Add component (AddParameter): Name = "Value"; Value = "10 мк"; VariantName = "[No Variations]"
Added Component: Designator=C22(C_0603_Manual_mount)
Add component (AddParameter): Name = "Manufacturer"; Value = "Murata Manufacturing"; VariantName = "[No Variations]"
Add component (AddParameter): Name = "Part Number"; Value = "GRM188R71H104KA93"; VariantName = "[No Variations]"
Add component (AddParameter): Name = "Rated voltage"; Value = "50 В"; VariantName = "[No Variations]"
Add component (AddParameter): Name = "Size"; Value = "0603"; VariantName = "[No Variations]"
Add component (AddParameter): Name = "TC"; Value = "X7R"; VariantName = "[No Variations]"
Add component (AddParameter): Name = "Temperature coefficient"; Value = "±15 %"; VariantName = "[No Variations]"
Add component (AddParameter): Name = "Temperature range"; Value = "-55 ... 125 °C"; VariantName = "[No Variations]"
Add component (AddParameter): Name = "Tolerance"; Value = "10 %"; VariantName = "[No Variations]"
Add component (AddParameter): Name = "Type"; Value = "Конденсатор керамический"; VariantName = "[No Variations]"
Add component (AddParameter): Name = "Value"; Value = "0,1 мк"; VariantName = "[No Variations]"
Added Component: Designator=C23(C_0603_Manual_mount)
Add component (AddParameter): Name = "Manufacturer"; Value = "Murata Manufacturing"; VariantName = "[No Variations]"
Add component (AddParameter): Name = "Part Number"; Value = "GRM188R71H104KA93"; VariantName = "[No Variations]"
Add component (AddParameter): Name = "Rated voltage"; Value = "50 В"; VariantName = "[No Variations]"
Add component (AddParameter): Name = "Size"; Value = "0603"; VariantName = "[No Variations]"
Add component (AddParameter): Name = "TC"; Value = "X7R"; VariantName = "[No Variations]"
Add component (AddParameter): Name = "Temperature coefficient"; Value = "±15 %"; VariantName = "[No Variations]"
Add component (AddParameter): Name = "Temperature range"; Value = "-55 ... 125 °C"; VariantName = "[No Variations]"
Add component (AddParameter): Name = "Tolerance"; Value = "10 %"; VariantName = "[No Variations]"
Add component (AddParameter): Name = "Type"; Value = "Конденсатор керамический"; VariantName = "[No Variations]"
Add component (AddParameter): Name = "Value"; Value = "0,1 мк"; VariantName = "[No Variations]"
Added Component: Designator=DA1(SOT-223)
Add component (AddParameter): Name = "Datasheet"; Value = "https://static.chipdip.ru/lib/801/DOC059801903.pdf"; VariantName = "[No Variations]"
Add component (AddParameter): Name = "Input voltage"; Value = "5 ... 12 В"; VariantName = "[No Variations]"
Add component (AddParameter): Name = "Manufacturer"; Value = "Hottech"; VariantName = "[No Variations]"
Add component (AddParameter): Name = "Output current"; Value = "1 А"; VariantName = "[No Variations]"
Add component (AddParameter): Name = "Temperature range"; Value = "-40 ... 125 °C"; VariantName = "[No Variations]"
Add component (AddParameter): Name = "Type"; Value = "Линейный регулятор напряжения"; VariantName = "[No Variations]"
Added Component: Designator=DS1(SOIC127P790X216-8N)
Add component (AddParameter): Name = "Capacity"; Value = "128 Мбит"; VariantName = "[No Variations]"
Add component (AddParameter): Name = "Interface"; Value = "SPI/QSPI"; VariantName = "[No Variations]"
Add component (AddParameter): Name = "Manufacturer"; Value = "Winbond"; VariantName = "[No Variations]"
Add component (AddParameter): Name = "Package type"; Value = "SOIC-8"; VariantName = "[No Variations]"
Add component (AddParameter): Name = "Type"; Value = "Микросхема памяти"; VariantName = "[No Variations]"
Add component (AddParameter): Name = "Type of memory"; Value = "NOR FLASH PROM"; VariantName = "[No Variations]"
Added Component: Designator=DS2(APS1604M (SOP-8))
Add component (AddParameter): Name = "Capacity"; Value = "16 Мбит"; VariantName = "[No Variations]"
Add component (AddParameter): Name = "Interface"; Value = "SPI/QPI"; VariantName = "[No Variations]"
Add component (AddParameter): Name = "Manufacturer"; Value = "AP Memory"; VariantName = "[No Variations]"
Add component (AddParameter): Name = "Package type"; Value = "TSOP-8"; VariantName = "[No Variations]"
Add component (AddParameter): Name = "Type"; Value = "Микросхема памяти"; VariantName = "[No Variations]"
Add component (AddParameter): Name = "Type of memory"; Value = "PSRAM"; VariantName = "[No Variations]"
Added Component: Designator=HL1(LED_0603_Blue_Auto_mount)
Add component (AddParameter): Name = "Color"; Value = "Синий"; VariantName = "[No Variations]"
Add component (AddParameter): Name = "Forward voltage"; Value = "3,2 В"; VariantName = "[No Variations]"
Add component (AddParameter): Name = "Manufacturer"; Value = "Kingbright"; VariantName = "[No Variations]"
Add component (AddParameter): Name = "Max. forward current"; Value = "30 мА"; VariantName = "[No Variations]"
Add component (AddParameter): Name = "Max. reverse voltage"; Value = "5 В"; VariantName = "[No Variations]"
Add component (AddParameter): Name = "Power dissitipation"; Value = "120 мВт"; VariantName = "[No Variations]"
Add component (AddParameter): Name = "Size"; Value = "0603"; VariantName = "[No Variations]"
Add component (AddParameter): Name = "Temperature range"; Value = "-40 ... 85 °C"; VariantName = "[No Variations]"
Add component (AddParameter): Name = "Type"; Value = "Светодиод"; VariantName = "[No Variations]"
Added Component: Designator=HL2(LED_0603_Blue_Auto_mount)
Add component (AddParameter): Name = "Color"; Value = "Синий"; VariantName = "[No Variations]"
Add component (AddParameter): Name = "Forward voltage"; Value = "3,2 В"; VariantName = "[No Variations]"
Add component (AddParameter): Name = "Manufacturer"; Value = "Kingbright"; VariantName = "[No Variations]"
Add component (AddParameter): Name = "Max. forward current"; Value = "30 мА"; VariantName = "[No Variations]"
Add component (AddParameter): Name = "Max. reverse voltage"; Value = "5 В"; VariantName = "[No Variations]"
Add component (AddParameter): Name = "Power dissitipation"; Value = "120 мВт"; VariantName = "[No Variations]"
Add component (AddParameter): Name = "Size"; Value = "0603"; VariantName = "[No Variations]"
Add component (AddParameter): Name = "Temperature range"; Value = "-40 ... 85 °C"; VariantName = "[No Variations]"
Add component (AddParameter): Name = "Type"; Value = "Светодиод"; VariantName = "[No Variations]"
Added Component: Designator=HL3(LED_0603_Green_Auto_mount)
Add component (AddParameter): Name = "Color"; Value = "Зеленый"; VariantName = "[No Variations]"
Add component (AddParameter): Name = "Forward voltage"; Value = "2,1 В"; VariantName = "[No Variations]"
Add component (AddParameter): Name = "Manufacturer"; Value = "Kingbright"; VariantName = "[No Variations]"
Add component (AddParameter): Name = "Max. forward current"; Value = "30 мА"; VariantName = "[No Variations]"
Add component (AddParameter): Name = "Max. reverse voltage"; Value = "5 В"; VariantName = "[No Variations]"
Add component (AddParameter): Name = "Power dissitipation"; Value = "75 мВт"; VariantName = "[No Variations]"
Add component (AddParameter): Name = "Size"; Value = "0603"; VariantName = "[No Variations]"
Add component (AddParameter): Name = "Temperature range"; Value = "-40 ... 85 °C"; VariantName = "[No Variations]"
Add component (AddParameter): Name = "Type"; Value = "Светодиод"; VariantName = "[No Variations]"
Added Component: Designator=HL4(LED_0603_Blue_Auto_mount)
Add component (AddParameter): Name = "Color"; Value = "Синий"; VariantName = "[No Variations]"
Add component (AddParameter): Name = "Forward voltage"; Value = "3,2 В"; VariantName = "[No Variations]"
Add component (AddParameter): Name = "Manufacturer"; Value = "Kingbright"; VariantName = "[No Variations]"
Add component (AddParameter): Name = "Max. forward current"; Value = "30 мА"; VariantName = "[No Variations]"
Add component (AddParameter): Name = "Max. reverse voltage"; Value = "5 В"; VariantName = "[No Variations]"
Add component (AddParameter): Name = "Power dissitipation"; Value = "120 мВт"; VariantName = "[No Variations]"
Add component (AddParameter): Name = "Size"; Value = "0603"; VariantName = "[No Variations]"
Add component (AddParameter): Name = "Temperature range"; Value = "-40 ... 85 °C"; VariantName = "[No Variations]"
Add component (AddParameter): Name = "Type"; Value = "Светодиод"; VariantName = "[No Variations]"
Added Component: Designator=HL5(LED_0603_Blue_Auto_mount)
Add component (AddParameter): Name = "Color"; Value = "Синий"; VariantName = "[No Variations]"
Add component (AddParameter): Name = "Forward voltage"; Value = "3,2 В"; VariantName = "[No Variations]"
Add component (AddParameter): Name = "Manufacturer"; Value = "Kingbright"; VariantName = "[No Variations]"
Add component (AddParameter): Name = "Max. forward current"; Value = "30 мА"; VariantName = "[No Variations]"
Add component (AddParameter): Name = "Max. reverse voltage"; Value = "5 В"; VariantName = "[No Variations]"
Add component (AddParameter): Name = "Power dissitipation"; Value = "120 мВт"; VariantName = "[No Variations]"
Add component (AddParameter): Name = "Size"; Value = "0603"; VariantName = "[No Variations]"
Add component (AddParameter): Name = "Temperature range"; Value = "-40 ... 85 °C"; VariantName = "[No Variations]"
Add component (AddParameter): Name = "Type"; Value = "Светодиод"; VariantName = "[No Variations]"
Added Component: Designator=R1(R_0603_Manual_mount)
Add component (AddParameter): Name = "Manufacturer"; Value = "YAGEO"; VariantName = "[No Variations]"
Add component (AddParameter): Name = "Part Number"; Value = "RC0603FR-0710KL"; VariantName = "[No Variations]"
Add component (AddParameter): Name = "Power dissipation"; Value = "0,1 Вт"; VariantName = "[No Variations]"
Add component (AddParameter): Name = "Size"; Value = "0603"; VariantName = "[No Variations]"
Add component (AddParameter): Name = "Temperature coefficient"; Value = "±100 ppm/°C"; VariantName = "[No Variations]"
Add component (AddParameter): Name = "Temperature range"; Value = "-55 ... 155 °C"; VariantName = "[No Variations]"
Add component (AddParameter): Name = "Tolerance"; Value = "1 %"; VariantName = "[No Variations]"
Add component (AddParameter): Name = "Type"; Value = "Резистор постоянный"; VariantName = "[No Variations]"
Add component (AddParameter): Name = "Value"; Value = "10 к"; VariantName = "[No Variations]"
Added Component: Designator=R2(R_0603_Manual_mount)
Add component (AddParameter): Name = "Manufacturer"; Value = "YAGEO"; VariantName = "[No Variations]"
Add component (AddParameter): Name = "Part Number"; Value = "RC0603FR-0710KL"; VariantName = "[No Variations]"
Add component (AddParameter): Name = "Power dissipation"; Value = "0,1 Вт"; VariantName = "[No Variations]"
Add component (AddParameter): Name = "Size"; Value = "0603"; VariantName = "[No Variations]"
Add component (AddParameter): Name = "Temperature coefficient"; Value = "±100 ppm/°C"; VariantName = "[No Variations]"
Add component (AddParameter): Name = "Temperature range"; Value = "-55 ... 155 °C"; VariantName = "[No Variations]"
Add component (AddParameter): Name = "Tolerance"; Value = "1 %"; VariantName = "[No Variations]"
Add component (AddParameter): Name = "Type"; Value = "Резистор постоянный"; VariantName = "[No Variations]"
Add component (AddParameter): Name = "Value"; Value = "10 к"; VariantName = "[No Variations]"
Added Component: Designator=R3(R_0603_Manual_mount)
Add component (AddParameter): Name = "Manufacturer"; Value = "YAGEO"; VariantName = "[No Variations]"
Add component (AddParameter): Name = "Maximum current"; Value = "2 A"; VariantName = "[No Variations]"
Add component (AddParameter): Name = "Part Number"; Value = "RC0603JR-070RL"; VariantName = "[No Variations]"
Add component (AddParameter): Name = "Power dissipation"; Value = ""; VariantName = "[No Variations]"
Add component (AddParameter): Name = "Rated current"; Value = "1 А"; VariantName = "[No Variations]"
Add component (AddParameter): Name = "Size"; Value = "0603"; VariantName = "[No Variations]"
Add component (AddParameter): Name = "Temperature coefficient"; Value = ""; VariantName = "[No Variations]"
Add component (AddParameter): Name = "Temperature range"; Value = "-55 ... 155 °C"; VariantName = "[No Variations]"
Add component (AddParameter): Name = "Tolerance"; Value = "5 %"; VariantName = "[No Variations]"
Add component (AddParameter): Name = "Type"; Value = "Перемычка контактная SMD"; VariantName = "[No Variations]"
Add component (AddParameter): Name = "Value"; Value = "0"; VariantName = "[No Variations]"
Added Component: Designator=R4(R_0603_Manual_mount)
Add component (AddParameter): Name = "Manufacturer"; Value = "YAGEO"; VariantName = "[No Variations]"
Add component (AddParameter): Name = "Maximum current"; Value = "2 A"; VariantName = "[No Variations]"
Add component (AddParameter): Name = "Part Number"; Value = "RC0603JR-070RL"; VariantName = "[No Variations]"
Add component (AddParameter): Name = "Power dissipation"; Value = ""; VariantName = "[No Variations]"
Add component (AddParameter): Name = "Rated current"; Value = "1 А"; VariantName = "[No Variations]"
Add component (AddParameter): Name = "Size"; Value = "0603"; VariantName = "[No Variations]"
Add component (AddParameter): Name = "Temperature coefficient"; Value = ""; VariantName = "[No Variations]"
Add component (AddParameter): Name = "Temperature range"; Value = "-55 ... 155 °C"; VariantName = "[No Variations]"
Add component (AddParameter): Name = "Tolerance"; Value = "5 %"; VariantName = "[No Variations]"
Add component (AddParameter): Name = "Type"; Value = "Перемычка контактная SMD"; VariantName = "[No Variations]"
Add component (AddParameter): Name = "Value"; Value = "0"; VariantName = "[No Variations]"
Added Component: Designator=R5(R_0603_Manual_mount)
Add component (AddParameter): Name = "Manufacturer"; Value = "YAGEO"; VariantName = "[No Variations]"
Add component (AddParameter): Name = "Part Number"; Value = "RC0603JR-075K1L"; VariantName = "[No Variations]"
Add component (AddParameter): Name = "Power dissipation"; Value = "0,1 Вт"; VariantName = "[No Variations]"
Add component (AddParameter): Name = "Size"; Value = "0603"; VariantName = "[No Variations]"
Add component (AddParameter): Name = "Temperature coefficient"; Value = "±100 ppm/°C"; VariantName = "[No Variations]"
Add component (AddParameter): Name = "Temperature range"; Value = "-55 ... 155 °C"; VariantName = "[No Variations]"
Add component (AddParameter): Name = "Tolerance"; Value = "5 %"; VariantName = "[No Variations]"
Add component (AddParameter): Name = "Type"; Value = "Резистор постоянный"; VariantName = "[No Variations]"
Add component (AddParameter): Name = "Value"; Value = "5,1 к"; VariantName = "[No Variations]"
Added Component: Designator=R6(R_0603_Manual_mount)
Add component (AddParameter): Name = "Manufacturer"; Value = "YAGEO"; VariantName = "[No Variations]"
Add component (AddParameter): Name = "Part Number"; Value = "RC0603JR-075K1L"; VariantName = "[No Variations]"
Add component (AddParameter): Name = "Power dissipation"; Value = "0,1 Вт"; VariantName = "[No Variations]"
Add component (AddParameter): Name = "Size"; Value = "0603"; VariantName = "[No Variations]"
Add component (AddParameter): Name = "Temperature coefficient"; Value = "±100 ppm/°C"; VariantName = "[No Variations]"
Add component (AddParameter): Name = "Temperature range"; Value = "-55 ... 155 °C"; VariantName = "[No Variations]"
Add component (AddParameter): Name = "Tolerance"; Value = "5 %"; VariantName = "[No Variations]"
Add component (AddParameter): Name = "Type"; Value = "Резистор постоянный"; VariantName = "[No Variations]"
Add component (AddParameter): Name = "Value"; Value = "5,1 к"; VariantName = "[No Variations]"
Added Component: Designator=R7(R_0603_Manual_mount)
Add component (AddParameter): Name = "Manufacturer"; Value = "YAGEO"; VariantName = "[No Variations]"
Add component (AddParameter): Name = "Part Number"; Value = "RC0603FR-071KL"; VariantName = "[No Variations]"
Add component (AddParameter): Name = "Power dissipation"; Value = "0,1 Вт"; VariantName = "[No Variations]"
Add component (AddParameter): Name = "Size"; Value = "0603"; VariantName = "[No Variations]"
Add component (AddParameter): Name = "Temperature coefficient"; Value = "±100 ppm/°C"; VariantName = "[No Variations]"
Add component (AddParameter): Name = "Temperature range"; Value = "-55 ... 155 °C"; VariantName = "[No Variations]"
Add component (AddParameter): Name = "Tolerance"; Value = "1 %"; VariantName = "[No Variations]"
Add component (AddParameter): Name = "Type"; Value = "Резистор постоянный"; VariantName = "[No Variations]"
Add component (AddParameter): Name = "Value"; Value = "1 к"; VariantName = "[No Variations]"
Added Component: Designator=R8(R_0603_Manual_mount)
Add component (AddParameter): Name = "Manufacturer"; Value = "YAGEO"; VariantName = "[No Variations]"
Add component (AddParameter): Name = "Part Number"; Value = "RC0603JR-07100KL"; VariantName = "[No Variations]"
Add component (AddParameter): Name = "Power dissipation"; Value = "0,1 Вт"; VariantName = "[No Variations]"
Add component (AddParameter): Name = "Size"; Value = "0603"; VariantName = "[No Variations]"
Add component (AddParameter): Name = "Temperature coefficient"; Value = "±100 ppm/°C"; VariantName = "[No Variations]"
Add component (AddParameter): Name = "Temperature range"; Value = "-55 ... 155 °C"; VariantName = "[No Variations]"
Add component (AddParameter): Name = "Tolerance"; Value = "5 %"; VariantName = "[No Variations]"
Add component (AddParameter): Name = "Type"; Value = "Резистор постоянный"; VariantName = "[No Variations]"
Add component (AddParameter): Name = "Value"; Value = "100 к"; VariantName = "[No Variations]"
Added Component: Designator=R9(R_0603_Manual_mount)
Add component (AddParameter): Name = "Manufacturer"; Value = "YAGEO"; VariantName = "[No Variations]"
Add component (AddParameter): Name = "Part Number"; Value = "RC0603FR-071KL"; VariantName = "[No Variations]"
Add component (AddParameter): Name = "Power dissipation"; Value = "0,1 Вт"; VariantName = "[No Variations]"
Add component (AddParameter): Name = "Size"; Value = "0603"; VariantName = "[No Variations]"
Add component (AddParameter): Name = "Temperature coefficient"; Value = "±100 ppm/°C"; VariantName = "[No Variations]"
Add component (AddParameter): Name = "Temperature range"; Value = "-55 ... 155 °C"; VariantName = "[No Variations]"
Add component (AddParameter): Name = "Tolerance"; Value = "1 %"; VariantName = "[No Variations]"
Add component (AddParameter): Name = "Type"; Value = "Резистор постоянный"; VariantName = "[No Variations]"
Add component (AddParameter): Name = "Value"; Value = "1 к"; VariantName = "[No Variations]"
Added Component: Designator=R10(R_0603_Manual_mount)
Add component (AddParameter): Name = "Manufacturer"; Value = "YAGEO"; VariantName = "[No Variations]"
Add component (AddParameter): Name = "Part Number"; Value = "RC0603FR-071KL"; VariantName = "[No Variations]"
Add component (AddParameter): Name = "Power dissipation"; Value = "0,1 Вт"; VariantName = "[No Variations]"
Add component (AddParameter): Name = "Size"; Value = "0603"; VariantName = "[No Variations]"
Add component (AddParameter): Name = "Temperature coefficient"; Value = "±100 ppm/°C"; VariantName = "[No Variations]"
Add component (AddParameter): Name = "Temperature range"; Value = "-55 ... 155 °C"; VariantName = "[No Variations]"
Add component (AddParameter): Name = "Tolerance"; Value = "1 %"; VariantName = "[No Variations]"
Add component (AddParameter): Name = "Type"; Value = "Резистор постоянный"; VariantName = "[No Variations]"
Add component (AddParameter): Name = "Value"; Value = "1 к"; VariantName = "[No Variations]"
Added Component: Designator=R11(R_0603_Manual_mount)
Add component (AddParameter): Name = "Manufacturer"; Value = "YAGEO"; VariantName = "[No Variations]"
Add component (AddParameter): Name = "Part Number"; Value = "RC0603JR-07100KL"; VariantName = "[No Variations]"
Add component (AddParameter): Name = "Power dissipation"; Value = "0,1 Вт"; VariantName = "[No Variations]"
Add component (AddParameter): Name = "Size"; Value = "0603"; VariantName = "[No Variations]"
Add component (AddParameter): Name = "Temperature coefficient"; Value = "±100 ppm/°C"; VariantName = "[No Variations]"
Add component (AddParameter): Name = "Temperature range"; Value = "-55 ... 155 °C"; VariantName = "[No Variations]"
Add component (AddParameter): Name = "Tolerance"; Value = "5 %"; VariantName = "[No Variations]"
Add component (AddParameter): Name = "Type"; Value = "Резистор постоянный"; VariantName = "[No Variations]"
Add component (AddParameter): Name = "Value"; Value = "100 к"; VariantName = "[No Variations]"
Added Component: Designator=R12(R_0603_Manual_mount)
Add component (AddParameter): Name = "Manufacturer"; Value = "YAGEO"; VariantName = "[No Variations]"
Add component (AddParameter): Name = "Part Number"; Value = "RC0603FR-071KL"; VariantName = "[No Variations]"
Add component (AddParameter): Name = "Power dissipation"; Value = "0,1 Вт"; VariantName = "[No Variations]"
Add component (AddParameter): Name = "Size"; Value = "0603"; VariantName = "[No Variations]"
Add component (AddParameter): Name = "Temperature coefficient"; Value = "±100 ppm/°C"; VariantName = "[No Variations]"
Add component (AddParameter): Name = "Temperature range"; Value = "-55 ... 155 °C"; VariantName = "[No Variations]"
Add component (AddParameter): Name = "Tolerance"; Value = "1 %"; VariantName = "[No Variations]"
Add component (AddParameter): Name = "Type"; Value = "Резистор постоянный"; VariantName = "[No Variations]"
Add component (AddParameter): Name = "Value"; Value = "1 к"; VariantName = "[No Variations]"
Added Component: Designator=R13(R_0603_Manual_mount)
Add component (AddParameter): Name = "Manufacturer"; Value = "YAGEO"; VariantName = "[No Variations]"
Add component (AddParameter): Name = "Part Number"; Value = "RC0603FR-071KL"; VariantName = "[No Variations]"
Add component (AddParameter): Name = "Power dissipation"; Value = "0,1 Вт"; VariantName = "[No Variations]"
Add component (AddParameter): Name = "Size"; Value = "0603"; VariantName = "[No Variations]"
Add component (AddParameter): Name = "Temperature coefficient"; Value = "±100 ppm/°C"; VariantName = "[No Variations]"
Add component (AddParameter): Name = "Temperature range"; Value = "-55 ... 155 °C"; VariantName = "[No Variations]"
Add component (AddParameter): Name = "Tolerance"; Value = "1 %"; VariantName = "[No Variations]"
Add component (AddParameter): Name = "Type"; Value = "Резистор постоянный"; VariantName = "[No Variations]"
Add component (AddParameter): Name = "Value"; Value = "1 к"; VariantName = "[No Variations]"
Added Component: Designator=R14(R_0603_Manual_mount)
Add component (AddParameter): Name = "Manufacturer"; Value = "YAGEO"; VariantName = "[No Variations]"
Add component (AddParameter): Name = "Part Number"; Value = "RC0603FR-071KL"; VariantName = "[No Variations]"
Add component (AddParameter): Name = "Power dissipation"; Value = "0,1 Вт"; VariantName = "[No Variations]"
Add component (AddParameter): Name = "Size"; Value = "0603"; VariantName = "[No Variations]"
Add component (AddParameter): Name = "Temperature coefficient"; Value = "±100 ppm/°C"; VariantName = "[No Variations]"
Add component (AddParameter): Name = "Temperature range"; Value = "-55 ... 155 °C"; VariantName = "[No Variations]"
Add component (AddParameter): Name = "Tolerance"; Value = "1 %"; VariantName = "[No Variations]"
Add component (AddParameter): Name = "Type"; Value = "Резистор постоянный"; VariantName = "[No Variations]"
Add component (AddParameter): Name = "Value"; Value = "1 к"; VariantName = "[No Variations]"
Added Component: Designator=R15(R_0603_Manual_mount)
Add component (AddParameter): Name = "Manufacturer"; Value = "YAGEO"; VariantName = "[No Variations]"
Add component (AddParameter): Name = "Part Number"; Value = "RC0603JR-07100KL"; VariantName = "[No Variations]"
Add component (AddParameter): Name = "Power dissipation"; Value = "0,1 Вт"; VariantName = "[No Variations]"
Add component (AddParameter): Name = "Size"; Value = "0603"; VariantName = "[No Variations]"
Add component (AddParameter): Name = "Temperature coefficient"; Value = "±100 ppm/°C"; VariantName = "[No Variations]"
Add component (AddParameter): Name = "Temperature range"; Value = "-55 ... 155 °C"; VariantName = "[No Variations]"
Add component (AddParameter): Name = "Tolerance"; Value = "5 %"; VariantName = "[No Variations]"
Add component (AddParameter): Name = "Type"; Value = "Резистор постоянный"; VariantName = "[No Variations]"
Add component (AddParameter): Name = "Value"; Value = "100 к"; VariantName = "[No Variations]"
Added Component: Designator=R16(R_0603_Manual_mount)
Add component (AddParameter): Name = "Manufacturer"; Value = "YAGEO"; VariantName = "[No Variations]"
Add component (AddParameter): Name = "Part Number"; Value = "RC0603FR-071KL"; VariantName = "[No Variations]"
Add component (AddParameter): Name = "Power dissipation"; Value = "0,1 Вт"; VariantName = "[No Variations]"
Add component (AddParameter): Name = "Size"; Value = "0603"; VariantName = "[No Variations]"
Add component (AddParameter): Name = "Temperature coefficient"; Value = "±100 ppm/°C"; VariantName = "[No Variations]"
Add component (AddParameter): Name = "Temperature range"; Value = "-55 ... 155 °C"; VariantName = "[No Variations]"
Add component (AddParameter): Name = "Tolerance"; Value = "1 %"; VariantName = "[No Variations]"
Add component (AddParameter): Name = "Type"; Value = "Резистор постоянный"; VariantName = "[No Variations]"
Add component (AddParameter): Name = "Value"; Value = "1 к"; VariantName = "[No Variations]"
Added Component: Designator=R17(R_0603_Manual_mount)
Add component (AddParameter): Name = "Manufacturer"; Value = "YAGEO"; VariantName = "[No Variations]"
Add component (AddParameter): Name = "Part Number"; Value = "RC0603FR-071KL"; VariantName = "[No Variations]"
Add component (AddParameter): Name = "Power dissipation"; Value = "0,1 Вт"; VariantName = "[No Variations]"
Add component (AddParameter): Name = "Size"; Value = "0603"; VariantName = "[No Variations]"
Add component (AddParameter): Name = "Temperature coefficient"; Value = "±100 ppm/°C"; VariantName = "[No Variations]"
Add component (AddParameter): Name = "Temperature range"; Value = "-55 ... 155 °C"; VariantName = "[No Variations]"
Add component (AddParameter): Name = "Tolerance"; Value = "1 %"; VariantName = "[No Variations]"
Add component (AddParameter): Name = "Type"; Value = "Резистор постоянный"; VariantName = "[No Variations]"
Add component (AddParameter): Name = "Value"; Value = "1 к"; VariantName = "[No Variations]"
Added Component: Designator=R18(R_0603_Manual_mount)
Add component (AddParameter): Name = "Manufacturer"; Value = "YAGEO"; VariantName = "[No Variations]"
Add component (AddParameter): Name = "Part Number"; Value = "RC0603JR-07100KL"; VariantName = "[No Variations]"
Add component (AddParameter): Name = "Power dissipation"; Value = "0,1 Вт"; VariantName = "[No Variations]"
Add component (AddParameter): Name = "Size"; Value = "0603"; VariantName = "[No Variations]"
Add component (AddParameter): Name = "Temperature coefficient"; Value = "±100 ppm/°C"; VariantName = "[No Variations]"
Add component (AddParameter): Name = "Temperature range"; Value = "-55 ... 155 °C"; VariantName = "[No Variations]"
Add component (AddParameter): Name = "Tolerance"; Value = "5 %"; VariantName = "[No Variations]"
Add component (AddParameter): Name = "Type"; Value = "Резистор постоянный"; VariantName = "[No Variations]"
Add component (AddParameter): Name = "Value"; Value = "100 к"; VariantName = "[No Variations]"
Added Component: Designator=R19(R_0603_Manual_mount)
Add component (AddParameter): Name = "Manufacturer"; Value = "YAGEO"; VariantName = "[No Variations]"
Add component (AddParameter): Name = "Part Number"; Value = "RC0603FR-071KL"; VariantName = "[No Variations]"
Add component (AddParameter): Name = "Power dissipation"; Value = "0,1 Вт"; VariantName = "[No Variations]"
Add component (AddParameter): Name = "Size"; Value = "0603"; VariantName = "[No Variations]"
Add component (AddParameter): Name = "Temperature coefficient"; Value = "±100 ppm/°C"; VariantName = "[No Variations]"
Add component (AddParameter): Name = "Temperature range"; Value = "-55 ... 155 °C"; VariantName = "[No Variations]"
Add component (AddParameter): Name = "Tolerance"; Value = "1 %"; VariantName = "[No Variations]"
Add component (AddParameter): Name = "Type"; Value = "Резистор постоянный"; VariantName = "[No Variations]"
Add component (AddParameter): Name = "Value"; Value = "1 к"; VariantName = "[No Variations]"
Added Component: Designator=R20(R_0603_Manual_mount)
Add component (AddParameter): Name = "Manufacturer"; Value = "YAGEO"; VariantName = "[No Variations]"
Add component (AddParameter): Name = "Part Number"; Value = "RC0603FR-0710KL"; VariantName = "[No Variations]"
Add component (AddParameter): Name = "Power dissipation"; Value = "0,1 Вт"; VariantName = "[No Variations]"
Add component (AddParameter): Name = "Size"; Value = "0603"; VariantName = "[No Variations]"
Add component (AddParameter): Name = "Temperature coefficient"; Value = "±100 ppm/°C"; VariantName = "[No Variations]"
Add component (AddParameter): Name = "Temperature range"; Value = "-55 ... 155 °C"; VariantName = "[No Variations]"
Add component (AddParameter): Name = "Tolerance"; Value = "1 %"; VariantName = "[No Variations]"
Add component (AddParameter): Name = "Type"; Value = "Резистор постоянный"; VariantName = "[No Variations]"
Add component (AddParameter): Name = "Value"; Value = "10 к"; VariantName = "[No Variations]"
Added Component: Designator=R21(R_0603_Manual_mount)
Add component (AddParameter): Name = "Manufacturer"; Value = "YAGEO"; VariantName = "[No Variations]"
Add component (AddParameter): Name = "Part Number"; Value = "RC0603FR-0710KL"; VariantName = "[No Variations]"
Add component (AddParameter): Name = "Power dissipation"; Value = "0,1 Вт"; VariantName = "[No Variations]"
Add component (AddParameter): Name = "Size"; Value = "0603"; VariantName = "[No Variations]"
Add component (AddParameter): Name = "Temperature coefficient"; Value = "±100 ppm/°C"; VariantName = "[No Variations]"
Add component (AddParameter): Name = "Temperature range"; Value = "-55 ... 155 °C"; VariantName = "[No Variations]"
Add component (AddParameter): Name = "Tolerance"; Value = "1 %"; VariantName = "[No Variations]"
Add component (AddParameter): Name = "Type"; Value = "Резистор постоянный"; VariantName = "[No Variations]"
Add component (AddParameter): Name = "Value"; Value = "10 к"; VariantName = "[No Variations]"
Added Component: Designator=S1(Wedge Jumper 0603)
Add component (AddParameter): Name = "Type"; Value = "Перемычка"; VariantName = "[No Variations]"
Added Component: Designator=S2(Wedge Jumper 0603)
Add component (AddParameter): Name = "Type"; Value = "Перемычка"; VariantName = "[No Variations]"
Added Component: Designator=S3(Wedge Jumper 0603)
Add component (AddParameter): Name = "Type"; Value = "Перемычка"; VariantName = "[No Variations]"
Added Component: Designator=SB1(Tact_switch_6x6x4.3)
Add component (AddParameter): Name = "Junction resistance"; Value = "100 мОм"; VariantName = "[No Variations]"
Add component (AddParameter): Name = "Life cycles"; Value = "100000"; VariantName = "[No Variations]"
Add component (AddParameter): Name = "Manufacturer"; Value = "NONAME"; VariantName = "[No Variations]"
Add component (AddParameter): Name = "Rated current"; Value = "50 мА"; VariantName = "[No Variations]"
Add component (AddParameter): Name = "Rated voltage"; Value = "12 В"; VariantName = "[No Variations]"
Add component (AddParameter): Name = "Type"; Value = "Выключатель кнопочный с самовозвратом"; VariantName = "[No Variations]"
Added Component: Designator=SB2(Tact_switch_6x6x4.3)
Add component (AddParameter): Name = "Junction resistance"; Value = "100 мОм"; VariantName = "[No Variations]"
Add component (AddParameter): Name = "Life cycles"; Value = "100000"; VariantName = "[No Variations]"
Add component (AddParameter): Name = "Manufacturer"; Value = "NONAME"; VariantName = "[No Variations]"
Add component (AddParameter): Name = "Rated current"; Value = "50 мА"; VariantName = "[No Variations]"
Add component (AddParameter): Name = "Rated voltage"; Value = "12 В"; VariantName = "[No Variations]"
Add component (AddParameter): Name = "Type"; Value = "Выключатель кнопочный с самовозвратом"; VariantName = "[No Variations]"
Added Component: Designator=U1(HOLYIOT NRF54H20)
Added Component: Designator=VD1(SOD-882)
Add component (AddParameter): Name = "Breakdown voltage"; Value = "5,5 ... 9,5 В"; VariantName = "[No Variations]"
Add component (AddParameter): Name = "Clamping voltage"; Value = "14 В"; VariantName = "[No Variations]"
Add component (AddParameter): Name = "Input capacitance"; Value = "35 пФ"; VariantName = "[No Variations]"
Add component (AddParameter): Name = "Manufacturer"; Value = "NXP"; VariantName = "[No Variations]"
Add component (AddParameter): Name = "Peak pulse power"; Value = "130 Вт"; VariantName = "[No Variations]"
Add component (AddParameter): Name = "Temperature range"; Value = "-60 ... 150 °C"; VariantName = "[No Variations]"
Add component (AddParameter): Name = "Type"; Value = "Защитный диод"; VariantName = "[No Variations]"
Added Component: Designator=VD2(SOD-882)
Add component (AddParameter): Name = "Breakdown voltage"; Value = "5,5 ... 9,5 В"; VariantName = "[No Variations]"
Add component (AddParameter): Name = "Clamping voltage"; Value = "14 В"; VariantName = "[No Variations]"
Add component (AddParameter): Name = "Input capacitance"; Value = "35 пФ"; VariantName = "[No Variations]"
Add component (AddParameter): Name = "Manufacturer"; Value = "NXP"; VariantName = "[No Variations]"
Add component (AddParameter): Name = "Peak pulse power"; Value = "130 Вт"; VariantName = "[No Variations]"
Add component (AddParameter): Name = "Temperature range"; Value = "-60 ... 150 °C"; VariantName = "[No Variations]"
Add component (AddParameter): Name = "Type"; Value = "Защитный диод"; VariantName = "[No Variations]"
Added Component: Designator=VT1(SOT-23)
Add component (AddParameter): Name = "Drain-to-source breakdown voltage"; Value = "50 В"; VariantName = "[No Variations]"
Add component (AddParameter): Name = "Forward transconductance"; Value = "500 мА/В"; VariantName = "[No Variations]"
Add component (AddParameter): Name = "Gate threshold voltage"; Value = "1,3 В"; VariantName = "[No Variations]"
Add component (AddParameter): Name = "Input capacitance"; Value = "27 пФ"; VariantName = "[No Variations]"
Add component (AddParameter): Name = "Manufacturer"; Value = "Fairchild Semiconductor"; VariantName = "[No Variations]"
Add component (AddParameter): Name = "Max continuous drain current"; Value = "220 мА"; VariantName = "[No Variations]"
Add component (AddParameter): Name = "Max gate-to-source voltage"; Value = "20 В"; VariantName = "[No Variations]"
Add component (AddParameter): Name = "Max pulsed drain current"; Value = "880 мА"; VariantName = "[No Variations]"
Add component (AddParameter): Name = "Output capacitance"; Value = "13 пФ"; VariantName = "[No Variations]"
Add component (AddParameter): Name = "Power dissitipation"; Value = "0,36 Вт"; VariantName = "[No Variations]"
Add component (AddParameter): Name = "Rds"; Value = "6 Ом"; VariantName = "[No Variations]"
Add component (AddParameter): Name = "Reverse transfer capacitance"; Value = "6 пФ"; VariantName = "[No Variations]"
Add component (AddParameter): Name = "Structure"; Value = "Индуцированный канал n-типа"; VariantName = "[No Variations]"
Add component (AddParameter): Name = "Temperature range"; Value = "-55 ... 150 °C"; VariantName = "[No Variations]"
Add component (AddParameter): Name = "Turn-off time"; Value = "27 нс"; VariantName = "[No Variations]"
Add component (AddParameter): Name = "Turn-on time"; Value = "15 нс"; VariantName = "[No Variations]"
Add component (AddParameter): Name = "Type"; Value = "Транзистор полевой с изолированным затвором"; VariantName = "[No Variations]"
Added Component: Designator=VT2(SOT-23)
Add component (AddParameter): Name = "Drain-to-source breakdown voltage"; Value = "50 В"; VariantName = "[No Variations]"
Add component (AddParameter): Name = "Forward transconductance"; Value = "500 мА/В"; VariantName = "[No Variations]"
Add component (AddParameter): Name = "Gate threshold voltage"; Value = "1,3 В"; VariantName = "[No Variations]"
Add component (AddParameter): Name = "Input capacitance"; Value = "27 пФ"; VariantName = "[No Variations]"
Add component (AddParameter): Name = "Manufacturer"; Value = "Fairchild Semiconductor"; VariantName = "[No Variations]"
Add component (AddParameter): Name = "Max continuous drain current"; Value = "220 мА"; VariantName = "[No Variations]"
Add component (AddParameter): Name = "Max gate-to-source voltage"; Value = "20 В"; VariantName = "[No Variations]"
Add component (AddParameter): Name = "Max pulsed drain current"; Value = "880 мА"; VariantName = "[No Variations]"
Add component (AddParameter): Name = "Output capacitance"; Value = "13 пФ"; VariantName = "[No Variations]"
Add component (AddParameter): Name = "Power dissitipation"; Value = "0,36 Вт"; VariantName = "[No Variations]"
Add component (AddParameter): Name = "Rds"; Value = "6 Ом"; VariantName = "[No Variations]"
Add component (AddParameter): Name = "Reverse transfer capacitance"; Value = "6 пФ"; VariantName = "[No Variations]"
Add component (AddParameter): Name = "Structure"; Value = "Индуцированный канал n-типа"; VariantName = "[No Variations]"
Add component (AddParameter): Name = "Temperature range"; Value = "-55 ... 150 °C"; VariantName = "[No Variations]"
Add component (AddParameter): Name = "Turn-off time"; Value = "27 нс"; VariantName = "[No Variations]"
Add component (AddParameter): Name = "Turn-on time"; Value = "15 нс"; VariantName = "[No Variations]"
Add component (AddParameter): Name = "Type"; Value = "Транзистор полевой с изолированным затвором"; VariantName = "[No Variations]"
Added Component: Designator=VT3(SOT-23)
Add component (AddParameter): Name = "Drain-to-source breakdown voltage"; Value = "50 В"; VariantName = "[No Variations]"
Add component (AddParameter): Name = "Forward transconductance"; Value = "500 мА/В"; VariantName = "[No Variations]"
Add component (AddParameter): Name = "Gate threshold voltage"; Value = "1,3 В"; VariantName = "[No Variations]"
Add component (AddParameter): Name = "Input capacitance"; Value = "27 пФ"; VariantName = "[No Variations]"
Add component (AddParameter): Name = "Manufacturer"; Value = "Fairchild Semiconductor"; VariantName = "[No Variations]"
Add component (AddParameter): Name = "Max continuous drain current"; Value = "220 мА"; VariantName = "[No Variations]"
Add component (AddParameter): Name = "Max gate-to-source voltage"; Value = "20 В"; VariantName = "[No Variations]"
Add component (AddParameter): Name = "Max pulsed drain current"; Value = "880 мА"; VariantName = "[No Variations]"
Add component (AddParameter): Name = "Output capacitance"; Value = "13 пФ"; VariantName = "[No Variations]"
Add component (AddParameter): Name = "Power dissitipation"; Value = "0,36 Вт"; VariantName = "[No Variations]"
Add component (AddParameter): Name = "Rds"; Value = "6 Ом"; VariantName = "[No Variations]"
Add component (AddParameter): Name = "Reverse transfer capacitance"; Value = "6 пФ"; VariantName = "[No Variations]"
Add component (AddParameter): Name = "Structure"; Value = "Индуцированный канал n-типа"; VariantName = "[No Variations]"
Add component (AddParameter): Name = "Temperature range"; Value = "-55 ... 150 °C"; VariantName = "[No Variations]"
Add component (AddParameter): Name = "Turn-off time"; Value = "27 нс"; VariantName = "[No Variations]"
Add component (AddParameter): Name = "Turn-on time"; Value = "15 нс"; VariantName = "[No Variations]"
Add component (AddParameter): Name = "Type"; Value = "Транзистор полевой с изолированным затвором"; VariantName = "[No Variations]"
Added Component: Designator=VT4(SOT-23)
Add component (AddParameter): Name = "Drain-to-source breakdown voltage"; Value = "50 В"; VariantName = "[No Variations]"
Add component (AddParameter): Name = "Forward transconductance"; Value = "500 мА/В"; VariantName = "[No Variations]"
Add component (AddParameter): Name = "Gate threshold voltage"; Value = "1,3 В"; VariantName = "[No Variations]"
Add component (AddParameter): Name = "Input capacitance"; Value = "27 пФ"; VariantName = "[No Variations]"
Add component (AddParameter): Name = "Manufacturer"; Value = "Fairchild Semiconductor"; VariantName = "[No Variations]"
Add component (AddParameter): Name = "Max continuous drain current"; Value = "220 мА"; VariantName = "[No Variations]"
Add component (AddParameter): Name = "Max gate-to-source voltage"; Value = "20 В"; VariantName = "[No Variations]"
Add component (AddParameter): Name = "Max pulsed drain current"; Value = "880 мА"; VariantName = "[No Variations]"
Add component (AddParameter): Name = "Output capacitance"; Value = "13 пФ"; VariantName = "[No Variations]"
Add component (AddParameter): Name = "Power dissitipation"; Value = "0,36 Вт"; VariantName = "[No Variations]"
Add component (AddParameter): Name = "Rds"; Value = "6 Ом"; VariantName = "[No Variations]"
Add component (AddParameter): Name = "Reverse transfer capacitance"; Value = "6 пФ"; VariantName = "[No Variations]"
Add component (AddParameter): Name = "Structure"; Value = "Индуцированный канал n-типа"; VariantName = "[No Variations]"
Add component (AddParameter): Name = "Temperature range"; Value = "-55 ... 150 °C"; VariantName = "[No Variations]"
Add component (AddParameter): Name = "Turn-off time"; Value = "27 нс"; VariantName = "[No Variations]"
Add component (AddParameter): Name = "Turn-on time"; Value = "15 нс"; VariantName = "[No Variations]"
Add component (AddParameter): Name = "Type"; Value = "Транзистор полевой с изолированным затвором"; VariantName = "[No Variations]"
Added Component: Designator=XP1(MOLEX_532610271)
Add component (AddParameter): Name = "Connector type"; Value = "Вилка на плату"; VariantName = "[No Variations]"
Add component (AddParameter): Name = "Manufacturer"; Value = "MOLEX"; VariantName = "[No Variations]"
Add component (AddParameter): Name = "Number of contacts"; Value = "2"; VariantName = "[No Variations]"
Add component (AddParameter): Name = "Type"; Value = "Разъем штыревой"; VariantName = "[No Variations]"
Added Component: Designator=XP2(918-418K2023S40001)
Add component (AddParameter): Name = "Manufacturer"; Value = "JING"; VariantName = "[No Variations]"
Add component (AddParameter): Name = "Number of contacts"; Value = "16"; VariantName = "[No Variations]"
Add component (AddParameter): Name = "Type"; Value = "Type-C"; VariantName = "[No Variations]"
Added Component: Designator=XP3(PLS-5)
Add component (AddParameter): Name = "Connector type"; Value = "Вилка на плату"; VariantName = "[No Variations]"
Add component (AddParameter): Name = "Manufacturer"; Value = "NONAME"; VariantName = "[No Variations]"
Add component (AddParameter): Name = "Number of contacts"; Value = "5"; VariantName = "[No Variations]"
Add component (AddParameter): Name = "Type"; Value = "Разъем штыревой"; VariantName = "[No Variations]"
Added Component: Designator=XP4(PLD-24)
Add component (AddParameter): Name = "Connector type"; Value = "Вилка на плату"; VariantName = "[No Variations]"
Add component (AddParameter): Name = "Manufacturer"; Value = "NONAME"; VariantName = "[No Variations]"
Add component (AddParameter): Name = "Number of contacts"; Value = "24"; VariantName = "[No Variations]"
Add component (AddParameter): Name = "Type"; Value = "Разъем штыревой"; VariantName = "[No Variations]"
Added Component: Designator=XP5(PLD-24)
Add component (AddParameter): Name = "Connector type"; Value = "Вилка на плату"; VariantName = "[No Variations]"
Add component (AddParameter): Name = "Manufacturer"; Value = "NONAME"; VariantName = "[No Variations]"
Add component (AddParameter): Name = "Number of contacts"; Value = "24"; VariantName = "[No Variations]"
Add component (AddParameter): Name = "Type"; Value = "Разъем штыревой"; VariantName = "[No Variations]"
Added Component: Designator=XP6(PLD-10)
Add component (AddParameter): Name = "Connector type"; Value = "Вилка на плату"; VariantName = "[No Variations]"
Add component (AddParameter): Name = "Manufacturer"; Value = "NONAME"; VariantName = "[No Variations]"
Add component (AddParameter): Name = "Number of contacts"; Value = "10"; VariantName = "[No Variations]"
Add component (AddParameter): Name = "Type"; Value = "Разъем штыревой"; VariantName = "[No Variations]"
Added Pin To Net: NetName=CLK_SPI Pin=R3-1
Added Pin To Net: NetName=CLK_SPI Pin=R4-1
Added Pin To Net: NetName=CLK_SPI Pin=U1-15
Added Net: Name=CLK_SPI
Added Pin To Net: NetName=DATA_N Pin=U1-78
Added Pin To Net: NetName=DATA_N Pin=VD2-2
Added Pin To Net: NetName=DATA_N Pin=XP2-A7
Added Pin To Net: NetName=DATA_N Pin=XP2-B7
Added Net: Name=DATA_N
Added Pin To Net: NetName=DATA_P Pin=U1-79
Added Pin To Net: NetName=DATA_P Pin=VD1-2
Added Pin To Net: NetName=DATA_P Pin=XP2-A6
Added Pin To Net: NetName=DATA_P Pin=XP2-B6
Added Net: Name=DATA_P
Added Pin To Net: NetName=DVDD_AO Pin=U1-6
Added Pin To Net: NetName=DVDD_AO Pin=XP6-6
Added Net: Name=DVDD_AO
Added Pin To Net: NetName=DVDD_USB Pin=U1-76
Added Pin To Net: NetName=DVDD_USB Pin=XP4-2
Added Net: Name=DVDD_USB
Added Pin To Net: NetName=DVDD Pin=U1-5
Added Pin To Net: NetName=DVDD Pin=XP6-7
Added Net: Name=DVDD
Added Pin To Net: NetName=GND Pin=C1-2
Added Pin To Net: NetName=GND Pin=C2-2
Added Pin To Net: NetName=GND Pin=C3-2
Added Pin To Net: NetName=GND Pin=C4-2
Added Pin To Net: NetName=GND Pin=C5-2
Added Pin To Net: NetName=GND Pin=C6-1
Added Pin To Net: NetName=GND Pin=C9-2
Added Pin To Net: NetName=GND Pin=C10-2
Added Pin To Net: NetName=GND Pin=C11-2
Added Pin To Net: NetName=GND Pin=C12-2
Added Pin To Net: NetName=GND Pin=C13-2
Added Pin To Net: NetName=GND Pin=C14-2
Added Pin To Net: NetName=GND Pin=C15-2
Added Pin To Net: NetName=GND Pin=C16-2
Added Pin To Net: NetName=GND Pin=C17-2
Added Pin To Net: NetName=GND Pin=C18-2
Added Pin To Net: NetName=GND Pin=C19-2
Added Pin To Net: NetName=GND Pin=C20-2
Added Pin To Net: NetName=GND Pin=C21-2
Added Pin To Net: NetName=GND Pin=C22-2
Added Pin To Net: NetName=GND Pin=C23-2
Added Pin To Net: NetName=GND Pin=DA1-1
Added Pin To Net: NetName=GND Pin=DS1-4
Added Pin To Net: NetName=GND Pin=DS2-4
Added Pin To Net: NetName=GND Pin=HL3-C
Added Pin To Net: NetName=GND Pin=R1-2
Added Pin To Net: NetName=GND Pin=R2-2
Added Pin To Net: NetName=GND Pin=R5-2
Added Pin To Net: NetName=GND Pin=R6-2
Added Pin To Net: NetName=GND Pin=R8-2
Added Pin To Net: NetName=GND Pin=R11-2
Added Pin To Net: NetName=GND Pin=R15-2
Added Pin To Net: NetName=GND Pin=R18-2
Added Pin To Net: NetName=GND Pin=SB1-1
Added Pin To Net: NetName=GND Pin=SB1-1
Added Pin To Net: NetName=GND Pin=SB2-1
Added Pin To Net: NetName=GND Pin=SB2-1
Added Pin To Net: NetName=GND Pin=U1-1
Added Pin To Net: NetName=GND Pin=U1-4
Added Pin To Net: NetName=GND Pin=U1-28
Added Pin To Net: NetName=GND Pin=U1-29
Added Pin To Net: NetName=GND Pin=U1-58
Added Pin To Net: NetName=GND Pin=VD1-1
Added Pin To Net: NetName=GND Pin=VD2-1
Added Pin To Net: NetName=GND Pin=VT1-2
Added Pin To Net: NetName=GND Pin=VT2-2
Added Pin To Net: NetName=GND Pin=VT3-2
Added Pin To Net: NetName=GND Pin=VT4-2
Added Pin To Net: NetName=GND Pin=XP1-S1
Added Pin To Net: NetName=GND Pin=XP1-S2
Added Pin To Net: NetName=GND Pin=XP2-0
Added Pin To Net: NetName=GND Pin=XP2-0
Added Pin To Net: NetName=GND Pin=XP2-0
Added Pin To Net: NetName=GND Pin=XP2-0
Added Pin To Net: NetName=GND Pin=XP2-A1
Added Pin To Net: NetName=GND Pin=XP2-A12
Added Pin To Net: NetName=GND Pin=XP2-B1
Added Pin To Net: NetName=GND Pin=XP2-B12
Added Pin To Net: NetName=GND Pin=XP3-5
Added Net: Name=GND
Added Pin To Net: NetName=IO0_SPI Pin=DS1-5
Added Pin To Net: NetName=IO0_SPI Pin=DS2-5
Added Pin To Net: NetName=IO0_SPI Pin=U1-13
Added Net: Name=IO0_SPI
Added Pin To Net: NetName=IO1_SPI Pin=DS1-2
Added Pin To Net: NetName=IO1_SPI Pin=DS2-2
Added Pin To Net: NetName=IO1_SPI Pin=U1-20
Added Net: Name=IO1_SPI
Added Pin To Net: NetName=IO2_SPI Pin=DS1-3
Added Pin To Net: NetName=IO2_SPI Pin=DS2-3
Added Pin To Net: NetName=IO2_SPI Pin=U1-10
Added Net: Name=IO2_SPI
Added Pin To Net: NetName=IO3_SPI Pin=DS1-7
Added Pin To Net: NetName=IO3_SPI Pin=DS2-7
Added Pin To Net: NetName=IO3_SPI Pin=U1-11
Added Net: Name=IO3_SPI
Added Pin To Net: NetName=NetC3_1 Pin=C3-1
Added Pin To Net: NetName=NetC3_1 Pin=C8-2
Added Pin To Net: NetName=NetC3_1 Pin=XP1-2
Added Net: Name=NetC3_1
Added Pin To Net: NetName=NetC6_2 Pin=C6-2
Added Pin To Net: NetName=NetC6_2 Pin=C7-2
Added Pin To Net: NetName=NetC6_2 Pin=XP1-1
Added Net: Name=NetC6_2
Added Pin To Net: NetName=NetC7_1 Pin=C7-1
Added Pin To Net: NetName=NetC7_1 Pin=U1-27
Added Net: Name=NetC7_1
Added Pin To Net: NetName=NetC8_1 Pin=C8-1
Added Pin To Net: NetName=NetC8_1 Pin=U1-26
Added Net: Name=NetC8_1
Added Pin To Net: NetName=NetDS1_1 Pin=DS1-1
Added Pin To Net: NetName=NetDS1_1 Pin=R1-1
Added Pin To Net: NetName=NetDS1_1 Pin=U1-18
Added Net: Name=NetDS1_1
Added Pin To Net: NetName=NetDS1_6 Pin=DS1-6
Added Pin To Net: NetName=NetDS1_6 Pin=R3-2
Added Net: Name=NetDS1_6
Added Pin To Net: NetName=NetDS2_1 Pin=DS2-1
Added Pin To Net: NetName=NetDS2_1 Pin=R2-1
Added Pin To Net: NetName=NetDS2_1 Pin=U1-7
Added Net: Name=NetDS2_1
Added Pin To Net: NetName=NetDS2_6 Pin=DS2-6
Added Pin To Net: NetName=NetDS2_6 Pin=R4-2
Added Net: Name=NetDS2_6
Added Pin To Net: NetName=NetHL1_A Pin=HL1-A
Added Pin To Net: NetName=NetHL1_A Pin=R9-2
Added Net: Name=NetHL1_A
Added Pin To Net: NetName=NetHL1_C Pin=HL1-C
Added Pin To Net: NetName=NetHL1_C Pin=VT1-3
Added Net: Name=NetHL1_C
Added Pin To Net: NetName=NetHL2_A Pin=HL2-A
Added Pin To Net: NetName=NetHL2_A Pin=R12-2
Added Net: Name=NetHL2_A
Added Pin To Net: NetName=NetHL2_C Pin=HL2-C
Added Pin To Net: NetName=NetHL2_C Pin=VT2-3
Added Net: Name=NetHL2_C
Added Pin To Net: NetName=NetHL3_A Pin=HL3-A
Added Pin To Net: NetName=NetHL3_A Pin=R13-2
Added Net: Name=NetHL3_A
Added Pin To Net: NetName=NetHL4_A Pin=HL4-A
Added Pin To Net: NetName=NetHL4_A Pin=R16-2
Added Net: Name=NetHL4_A
Added Pin To Net: NetName=NetHL4_C Pin=HL4-C
Added Pin To Net: NetName=NetHL4_C Pin=VT3-3
Added Net: Name=NetHL4_C
Added Pin To Net: NetName=NetHL5_A Pin=HL5-A
Added Pin To Net: NetName=NetHL5_A Pin=R19-2
Added Net: Name=NetHL5_A
Added Pin To Net: NetName=NetHL5_C Pin=HL5-C
Added Pin To Net: NetName=NetHL5_C Pin=VT4-3
Added Net: Name=NetHL5_C
Added Pin To Net: NetName=NetR5_1 Pin=R5-1
Added Pin To Net: NetName=NetR5_1 Pin=XP2-A5
Added Net: Name=NetR5_1
Added Pin To Net: NetName=NetR6_1 Pin=R6-1
Added Pin To Net: NetName=NetR6_1 Pin=XP2-B5
Added Net: Name=NetR6_1
Added Pin To Net: NetName=NetR7_2 Pin=R7-2
Added Pin To Net: NetName=NetR7_2 Pin=R8-1
Added Pin To Net: NetName=NetR7_2 Pin=VT1-1
Added Net: Name=NetR7_2
Added Pin To Net: NetName=NetR10_2 Pin=R10-2
Added Pin To Net: NetName=NetR10_2 Pin=R11-1
Added Pin To Net: NetName=NetR10_2 Pin=VT2-1
Added Net: Name=NetR10_2
Added Pin To Net: NetName=NetR14_2 Pin=R14-2
Added Pin To Net: NetName=NetR14_2 Pin=R15-1
Added Pin To Net: NetName=NetR14_2 Pin=VT3-1
Added Net: Name=NetR14_2
Added Pin To Net: NetName=NetR17_2 Pin=R17-2
Added Pin To Net: NetName=NetR17_2 Pin=R18-1
Added Pin To Net: NetName=NetR17_2 Pin=VT4-1
Added Net: Name=NetR17_2
Added Pin To Net: NetName=NetS1_2 Pin=S1-2
Added Pin To Net: NetName=NetS1_2 Pin=S2-2
Added Pin To Net: NetName=NetS1_2 Pin=U1-2
Added Net: Name=NetS1_2
Added Pin To Net: NetName=NetS3_2 Pin=S3-2
Added Pin To Net: NetName=NetS3_2 Pin=U1-77
Added Net: Name=NetS3_2
Added Pin To Net: NetName=NetU1_73 Pin=U1-73
Added Pin To Net: NetName=NetU1_73 Pin=XP3-2
Added Net: Name=NetU1_73
Added Pin To Net: NetName=NetU1_74 Pin=U1-74
Added Pin To Net: NetName=NetU1_74 Pin=XP3-3
Added Net: Name=NetU1_74
Added Pin To Net: NetName=nRESET Pin=C13-1
Added Pin To Net: NetName=nRESET Pin=R20-1
Added Pin To Net: NetName=nRESET Pin=SB1-2
Added Pin To Net: NetName=nRESET Pin=SB1-2
Added Pin To Net: NetName=nRESET Pin=U1-72
Added Pin To Net: NetName=nRESET Pin=XP3-4
Added Net: Name=nRESET
Added Pin To Net: NetName=P0.00 Pin=U1-50
Added Pin To Net: NetName=P0.00 Pin=XP5-4
Added Net: Name=P0.00
Added Pin To Net: NetName=P0.01 Pin=U1-68
Added Pin To Net: NetName=P0.01 Pin=XP5-5
Added Net: Name=P0.01
Added Pin To Net: NetName=P0.02 Pin=U1-67
Added Pin To Net: NetName=P0.02 Pin=XP5-6
Added Net: Name=P0.02
Added Pin To Net: NetName=P0.03 Pin=U1-66
Added Pin To Net: NetName=P0.03 Pin=XP5-7
Added Net: Name=P0.03
Added Pin To Net: NetName=P0.04 Pin=U1-51
Added Pin To Net: NetName=P0.04 Pin=XP5-8
Added Net: Name=P0.04
Added Pin To Net: NetName=P0.05 Pin=U1-45
Added Pin To Net: NetName=P0.05 Pin=XP5-9
Added Net: Name=P0.05
Added Pin To Net: NetName=P0.06 Pin=U1-46
Added Pin To Net: NetName=P0.06 Pin=XP5-10
Added Net: Name=P0.06
Added Pin To Net: NetName=P0.07 Pin=U1-47
Added Pin To Net: NetName=P0.07 Pin=XP5-11
Added Net: Name=P0.07
Added Pin To Net: NetName=P0.08 Pin=U1-44
Added Pin To Net: NetName=P0.08 Pin=XP5-12
Added Net: Name=P0.08
Added Pin To Net: NetName=P0.09 Pin=U1-43
Added Pin To Net: NetName=P0.09 Pin=XP5-13
Added Net: Name=P0.09
Added Pin To Net: NetName=P0.10 Pin=U1-69
Added Pin To Net: NetName=P0.10 Pin=XP5-14
Added Net: Name=P0.10
Added Pin To Net: NetName=P0.11 Pin=U1-70
Added Pin To Net: NetName=P0.11 Pin=XP5-15
Added Net: Name=P0.11
Added Pin To Net: NetName=P1.00 Pin=C14-1
Added Pin To Net: NetName=P1.00 Pin=R21-1
Added Pin To Net: NetName=P1.00 Pin=SB2-2
Added Pin To Net: NetName=P1.00 Pin=SB2-2
Added Pin To Net: NetName=P1.00 Pin=U1-57
Added Net: Name=P1.00
Added Pin To Net: NetName=P1.01 Pin=U1-56
Added Pin To Net: NetName=P1.01 Pin=XP5-16
Added Net: Name=P1.01
Added Pin To Net: NetName=P1.02 Pin=U1-54
Added Pin To Net: NetName=P1.02 Pin=XP5-17
Added Net: Name=P1.02
Added Pin To Net: NetName=P1.03 Pin=U1-53
Added Pin To Net: NetName=P1.03 Pin=XP5-18
Added Net: Name=P1.03
Added Pin To Net: NetName=P1.04 Pin=U1-52
Added Pin To Net: NetName=P1.04 Pin=XP5-19
Added Net: Name=P1.04
Added Pin To Net: NetName=P1.05 Pin=U1-84
Added Pin To Net: NetName=P1.05 Pin=XP5-20
Added Net: Name=P1.05
Added Pin To Net: NetName=P1.06 Pin=U1-59
Added Pin To Net: NetName=P1.06 Pin=XP5-21
Added Net: Name=P1.06
Added Pin To Net: NetName=P1.07 Pin=U1-60
Added Pin To Net: NetName=P1.07 Pin=XP5-22
Added Net: Name=P1.07
Added Pin To Net: NetName=P1.08 Pin=U1-83
Added Pin To Net: NetName=P1.08 Pin=XP5-23
Added Net: Name=P1.08
Added Pin To Net: NetName=P1.09 Pin=U1-61
Added Pin To Net: NetName=P1.09 Pin=XP5-24
Added Net: Name=P1.09
Added Pin To Net: NetName=P1.10 Pin=U1-81
Added Pin To Net: NetName=P1.10 Pin=XP6-1
Added Net: Name=P1.10
Added Pin To Net: NetName=P1.11 Pin=U1-82
Added Pin To Net: NetName=P1.11 Pin=XP6-2
Added Net: Name=P1.11
Added Pin To Net: NetName=P2.00 Pin=U1-21
Added Pin To Net: NetName=P2.00 Pin=XP4-3
Added Net: Name=P2.00
Added Pin To Net: NetName=P2.01 Pin=U1-22
Added Pin To Net: NetName=P2.01 Pin=XP4-4
Added Net: Name=P2.01
Added Pin To Net: NetName=P2.02 Pin=U1-23
Added Pin To Net: NetName=P2.02 Pin=XP4-5
Added Net: Name=P2.02
Added Pin To Net: NetName=P2.03 Pin=U1-24
Added Pin To Net: NetName=P2.03 Pin=XP4-6
Added Net: Name=P2.03
Added Pin To Net: NetName=P2.04 Pin=U1-25
Added Pin To Net: NetName=P2.04 Pin=XP4-7
Added Net: Name=P2.04
Added Pin To Net: NetName=P2.05 Pin=U1-34
Added Pin To Net: NetName=P2.05 Pin=XP4-8
Added Net: Name=P2.05
Added Pin To Net: NetName=P2.06 Pin=U1-33
Added Pin To Net: NetName=P2.06 Pin=XP4-9
Added Net: Name=P2.06
Added Pin To Net: NetName=P2.07 Pin=U1-32
Added Pin To Net: NetName=P2.07 Pin=XP4-10
Added Net: Name=P2.07
Added Pin To Net: NetName=P2.08 Pin=U1-31
Added Pin To Net: NetName=P2.08 Pin=XP4-11
Added Net: Name=P2.08
Added Pin To Net: NetName=P2.09 Pin=U1-30
Added Pin To Net: NetName=P2.09 Pin=XP4-12
Added Net: Name=P2.09
Added Pin To Net: NetName=P6.01 Pin=U1-16
Added Pin To Net: NetName=P6.01 Pin=XP4-13
Added Net: Name=P6.01
Added Pin To Net: NetName=P6.02 Pin=U1-17
Added Pin To Net: NetName=P6.02 Pin=XP4-14
Added Net: Name=P6.02
Added Pin To Net: NetName=P6.04 Pin=U1-19
Added Pin To Net: NetName=P6.04 Pin=XP4-15
Added Net: Name=P6.04
Added Pin To Net: NetName=P6.06 Pin=U1-14
Added Pin To Net: NetName=P6.06 Pin=XP4-16
Added Net: Name=P6.06
Added Pin To Net: NetName=P6.08 Pin=U1-12
Added Pin To Net: NetName=P6.08 Pin=XP4-17
Added Net: Name=P6.08
Added Pin To Net: NetName=P6.11 Pin=U1-9
Added Pin To Net: NetName=P6.11 Pin=XP4-18
Added Net: Name=P6.11
Added Pin To Net: NetName=P6.12 Pin=U1-8
Added Pin To Net: NetName=P6.12 Pin=XP4-19
Added Net: Name=P6.12
Added Pin To Net: NetName=P7.00 Pin=U1-42
Added Pin To Net: NetName=P7.00 Pin=XP4-20
Added Net: Name=P7.00
Added Pin To Net: NetName=P7.01 Pin=U1-41
Added Pin To Net: NetName=P7.01 Pin=XP4-21
Added Net: Name=P7.01
Added Pin To Net: NetName=P7.02 Pin=U1-40
Added Pin To Net: NetName=P7.02 Pin=XP4-22
Added Net: Name=P7.02
Added Pin To Net: NetName=P7.03 Pin=U1-39
Added Pin To Net: NetName=P7.03 Pin=XP4-23
Added Net: Name=P7.03
Added Pin To Net: NetName=P7.04 Pin=U1-38
Added Pin To Net: NetName=P7.04 Pin=XP4-24
Added Net: Name=P7.04
Added Pin To Net: NetName=P7.05 Pin=U1-37
Added Pin To Net: NetName=P7.05 Pin=XP5-1
Added Net: Name=P7.05
Added Pin To Net: NetName=P7.06 Pin=U1-36
Added Pin To Net: NetName=P7.06 Pin=XP5-2
Added Net: Name=P7.06
Added Pin To Net: NetName=P7.07 Pin=U1-35
Added Pin To Net: NetName=P7.07 Pin=XP5-3
Added Net: Name=P7.07
Added Pin To Net: NetName=P9.00 Pin=R7-1
Added Pin To Net: NetName=P9.00 Pin=U1-48
Added Net: Name=P9.00
Added Pin To Net: NetName=P9.01 Pin=R10-1
Added Pin To Net: NetName=P9.01 Pin=U1-49
Added Net: Name=P9.01
Added Pin To Net: NetName=P9.02 Pin=R14-1
Added Pin To Net: NetName=P9.02 Pin=U1-65
Added Net: Name=P9.02
Added Pin To Net: NetName=P9.03 Pin=R17-1
Added Pin To Net: NetName=P9.03 Pin=U1-64
Added Net: Name=P9.03
Added Pin To Net: NetName=P9.04 Pin=U1-63
Added Pin To Net: NetName=P9.04 Pin=XP6-3
Added Net: Name=P9.04
Added Pin To Net: NetName=P9.05 Pin=U1-62
Added Pin To Net: NetName=P9.05 Pin=XP6-4
Added Net: Name=P9.05
Added Pin To Net: NetName=VCC3V3 Pin=C1-1
Added Pin To Net: NetName=VCC3V3 Pin=C2-1
Added Pin To Net: NetName=VCC3V3 Pin=C4-1
Added Pin To Net: NetName=VCC3V3 Pin=C5-1
Added Pin To Net: NetName=VCC3V3 Pin=C9-1
Added Pin To Net: NetName=VCC3V3 Pin=C10-1
Added Pin To Net: NetName=VCC3V3 Pin=C12-1
Added Pin To Net: NetName=VCC3V3 Pin=C17-1
Added Pin To Net: NetName=VCC3V3 Pin=C20-1
Added Pin To Net: NetName=VCC3V3 Pin=C23-1
Added Pin To Net: NetName=VCC3V3 Pin=DA1-2
Added Pin To Net: NetName=VCC3V3 Pin=DA1-4
Added Pin To Net: NetName=VCC3V3 Pin=DS1-8
Added Pin To Net: NetName=VCC3V3 Pin=DS2-8
Added Pin To Net: NetName=VCC3V3 Pin=R13-1
Added Pin To Net: NetName=VCC3V3 Pin=R20-2
Added Pin To Net: NetName=VCC3V3 Pin=R21-2
Added Pin To Net: NetName=VCC3V3 Pin=S2-1
Added Pin To Net: NetName=VCC3V3 Pin=XP3-1
Added Net: Name=VCC3V3
Added Pin To Net: NetName=VCC5V0 Pin=C11-1
Added Pin To Net: NetName=VCC5V0 Pin=C15-1
Added Pin To Net: NetName=VCC5V0 Pin=C16-1
Added Pin To Net: NetName=VCC5V0 Pin=C18-1
Added Pin To Net: NetName=VCC5V0 Pin=C19-1
Added Pin To Net: NetName=VCC5V0 Pin=C21-1
Added Pin To Net: NetName=VCC5V0 Pin=C22-1
Added Pin To Net: NetName=VCC5V0 Pin=DA1-3
Added Pin To Net: NetName=VCC5V0 Pin=R9-1
Added Pin To Net: NetName=VCC5V0 Pin=R12-1
Added Pin To Net: NetName=VCC5V0 Pin=R16-1
Added Pin To Net: NetName=VCC5V0 Pin=R19-1
Added Pin To Net: NetName=VCC5V0 Pin=S1-1
Added Pin To Net: NetName=VCC5V0 Pin=S3-1
Added Pin To Net: NetName=VCC5V0 Pin=XP2-A4
Added Pin To Net: NetName=VCC5V0 Pin=XP2-A9
Added Pin To Net: NetName=VCC5V0 Pin=XP2-B4
Added Pin To Net: NetName=VCC5V0 Pin=XP2-B9
Added Net: Name=VCC5V0
Added Pin To Net: NetName=VDD_EXT Pin=U1-75
Added Pin To Net: NetName=VDD_EXT Pin=XP6-9
Added Net: Name=VDD_EXT
Added Pin To Net: NetName=VDD_USB Pin=U1-80
Added Pin To Net: NetName=VDD_USB Pin=XP4-1
Added Net: Name=VDD_USB
Added Pin To Net: NetName=VDDIO Pin=U1-71
Added Pin To Net: NetName=VDDIO Pin=XP6-8
Added Net: Name=VDDIO
Added Pin To Net: NetName=VDDL Pin=U1-55
Added Pin To Net: NetName=VDDL Pin=XP6-10
Added Net: Name=VDDL
Added Pin To Net: NetName=VDD Pin=U1-3
Added Pin To Net: NetName=VDD Pin=XP6-5
Added Net: Name=VDD
Added Class: Name=MCU+GPIO
Added Class: Name=OTHER COMPONENTS
Added Differential Pair: Name=DATA
Added Rule: Name=Schematic Supply Nets
Added Rule: Name=Schematic Supply Nets_1
Added Rule: Name=Schematic Supply Nets_2
Added Class: Name=USB
