Added Component: Designator=+3.3V(Battery connect)
Added Component: Designator=ANTENNA H1(MOLEX_532610271)
Add component (AddParameter): Name = "Availability"; Value = "In Stock"; VariantName = "[No Variations]"
Add component (AddParameter): Name = "Check_prices"; Value = "https://www.snapeda.com/parts/532610271/Molex/view-part/?ref=eda"; VariantName = "[No Variations]"
Add component (AddParameter): Name = "MF"; Value = "Molex"; VariantName = "[No Variations]"
Add component (AddParameter): Name = "MP"; Value = "532610271"; VariantName = "[No Variations]"
Add component (AddParameter): Name = "Package"; Value = "None"; VariantName = "[No Variations]"
Add component (AddParameter): Name = "Price"; Value = "None"; VariantName = "[No Variations]"
Add component (AddParameter): Name = "Purchase-URL"; Value = "https://pricing.snapeda.com/search/part/532610271/?ref=eda"; VariantName = "[No Variations]"
Add component (AddParameter): Name = "SnapEDA_Link"; Value = "https://www.snapeda.com/parts/532610271/Molex/view-part/?ref=snap"; VariantName = "[No Variations]"
Add component (AddParameter): Name = "Value"; Value = ""; VariantName = "[No Variations]"
Added Component: Designator=ANTENNA L1(MOLEX_532610271)
Add component (AddParameter): Name = "Availability"; Value = "In Stock"; VariantName = "[No Variations]"
Add component (AddParameter): Name = "Check_prices"; Value = "https://www.snapeda.com/parts/532610271/Molex/view-part/?ref=eda"; VariantName = "[No Variations]"
Add component (AddParameter): Name = "MF"; Value = "Molex"; VariantName = "[No Variations]"
Add component (AddParameter): Name = "MP"; Value = "532610271"; VariantName = "[No Variations]"
Add component (AddParameter): Name = "Package"; Value = "None"; VariantName = "[No Variations]"
Add component (AddParameter): Name = "Price"; Value = "None"; VariantName = "[No Variations]"
Add component (AddParameter): Name = "Purchase-URL"; Value = "https://pricing.snapeda.com/search/part/532610271/?ref=eda"; VariantName = "[No Variations]"
Add component (AddParameter): Name = "SnapEDA_Link"; Value = "https://www.snapeda.com/parts/532610271/Molex/view-part/?ref=snap"; VariantName = "[No Variations]"
Add component (AddParameter): Name = "Value"; Value = ""; VariantName = "[No Variations]"
Added Component: Designator=But1(Button)
Added Component: Designator=But2(RES BUT)
Added Component: Designator=C1(Murata GRM21BR60J106K)
Added Component: Designator=C2(Murata GRM21BR60J106K)
Added Component: Designator=C3(Murata GRM2165C1H101J)
Added Component: Designator=C4(Murata GRM2165C1H101J)
Added Component: Designator=C5(CAPC1005X22N)
Add component (AddParameter): Name = "Check_prices"; Value = "https://www.snapeda.com/parts/GRM152R60J104KE19D/Murata/view-part/?ref=eda"; VariantName = "[No Variations]"
Add component (AddParameter): Name = "MF"; Value = "Murata"; VariantName = "[No Variations]"
Add component (AddParameter): Name = "MP"; Value = "GRM152R60J104KE19D"; VariantName = "[No Variations]"
Add component (AddParameter): Name = "Package"; Value = "1005 Murata"; VariantName = "[No Variations]"
Add component (AddParameter): Name = "SnapEDA_Link"; Value = "https://www.snapeda.com/parts/GRM152R60J104KE19D/Murata/view-part/?ref=snap"; VariantName = "[No Variations]"
Add component (AddParameter): Name = "Value"; Value = ""; VariantName = "[No Variations]"
Added Component: Designator=C6(WURTH 885012206012)
Added Component: Designator=C7(CAPC2012X88N)
Add component (AddParameter): Name = "Check_prices"; Value = "https://www.snapeda.com/parts/C0805C473K1RACTU/KEMET/view-part/?ref=eda"; VariantName = "[No Variations]"
Add component (AddParameter): Name = "MF"; Value = "KEMET"; VariantName = "[No Variations]"
Add component (AddParameter): Name = "MP"; Value = "C0805C473K1RACTU"; VariantName = "[No Variations]"
Add component (AddParameter): Name = "Package"; Value = "805-2 KEMET"; VariantName = "[No Variations]"
Add component (AddParameter): Name = "SnapEDA_Link"; Value = "https://www.snapeda.com/parts/C0805C473K1RACTU/KEMET/view-part/?ref=snap"; VariantName = "[No Variations]"
Add component (AddParameter): Name = "Value"; Value = ""; VariantName = "[No Variations]"
Added Component: Designator=C8(CAPC2012X88N)
Add component (AddParameter): Name = "Check_prices"; Value = "https://www.snapeda.com/parts/C0805C473K1RACTU/KEMET/view-part/?ref=eda"; VariantName = "[No Variations]"
Add component (AddParameter): Name = "MF"; Value = "KEMET"; VariantName = "[No Variations]"
Add component (AddParameter): Name = "MP"; Value = "C0805C473K1RACTU"; VariantName = "[No Variations]"
Add component (AddParameter): Name = "Package"; Value = "805-2 KEMET"; VariantName = "[No Variations]"
Add component (AddParameter): Name = "SnapEDA_Link"; Value = "https://www.snapeda.com/parts/C0805C473K1RACTU/KEMET/view-part/?ref=snap"; VariantName = "[No Variations]"
Add component (AddParameter): Name = "Value"; Value = ""; VariantName = "[No Variations]"
Added Component: Designator=C9(CAPC2012X88N)
Add component (AddParameter): Name = "Check_prices"; Value = "https://www.snapeda.com/parts/C0805C473K1RACTU/KEMET/view-part/?ref=eda"; VariantName = "[No Variations]"
Add component (AddParameter): Name = "MF"; Value = "KEMET"; VariantName = "[No Variations]"
Add component (AddParameter): Name = "MP"; Value = "C0805C473K1RACTU"; VariantName = "[No Variations]"
Add component (AddParameter): Name = "Package"; Value = "805-2 KEMET"; VariantName = "[No Variations]"
Add component (AddParameter): Name = "SnapEDA_Link"; Value = "https://www.snapeda.com/parts/C0805C473K1RACTU/KEMET/view-part/?ref=snap"; VariantName = "[No Variations]"
Add component (AddParameter): Name = "Value"; Value = ""; VariantName = "[No Variations]"
Added Component: Designator=C10(CAPC2012X88N)
Add component (AddParameter): Name = "Check_prices"; Value = "https://www.snapeda.com/parts/C0805C473K1RACTU/KEMET/view-part/?ref=eda"; VariantName = "[No Variations]"
Add component (AddParameter): Name = "MF"; Value = "KEMET"; VariantName = "[No Variations]"
Add component (AddParameter): Name = "MP"; Value = "C0805C473K1RACTU"; VariantName = "[No Variations]"
Add component (AddParameter): Name = "Package"; Value = "805-2 KEMET"; VariantName = "[No Variations]"
Add component (AddParameter): Name = "SnapEDA_Link"; Value = "https://www.snapeda.com/parts/C0805C473K1RACTU/KEMET/view-part/?ref=snap"; VariantName = "[No Variations]"
Add component (AddParameter): Name = "Value"; Value = ""; VariantName = "[No Variations]"
Added Component: Designator=C11(CAPC2012X88N)
Add component (AddParameter): Name = "Check_prices"; Value = "https://www.snapeda.com/parts/C0805C473K1RACTU/KEMET/view-part/?ref=eda"; VariantName = "[No Variations]"
Add component (AddParameter): Name = "MF"; Value = "KEMET"; VariantName = "[No Variations]"
Add component (AddParameter): Name = "MP"; Value = "C0805C473K1RACTU"; VariantName = "[No Variations]"
Add component (AddParameter): Name = "Package"; Value = "805-2 KEMET"; VariantName = "[No Variations]"
Add component (AddParameter): Name = "SnapEDA_Link"; Value = "https://www.snapeda.com/parts/C0805C473K1RACTU/KEMET/view-part/?ref=snap"; VariantName = "[No Variations]"
Add component (AddParameter): Name = "Value"; Value = ""; VariantName = "[No Variations]"
Added Component: Designator=C12(CAPC2012X88N)
Add component (AddParameter): Name = "Check_prices"; Value = "https://www.snapeda.com/parts/C0805C473K1RACTU/KEMET/view-part/?ref=eda"; VariantName = "[No Variations]"
Add component (AddParameter): Name = "MF"; Value = "KEMET"; VariantName = "[No Variations]"
Add component (AddParameter): Name = "MP"; Value = "C0805C473K1RACTU"; VariantName = "[No Variations]"
Add component (AddParameter): Name = "Package"; Value = "805-2 KEMET"; VariantName = "[No Variations]"
Add component (AddParameter): Name = "SnapEDA_Link"; Value = "https://www.snapeda.com/parts/C0805C473K1RACTU/KEMET/view-part/?ref=snap"; VariantName = "[No Variations]"
Add component (AddParameter): Name = "Value"; Value = ""; VariantName = "[No Variations]"
Added Component: Designator=C13(CAPC2012X88N)
Add component (AddParameter): Name = "Check_prices"; Value = "https://www.snapeda.com/parts/C0805C473K1RACTU/KEMET/view-part/?ref=eda"; VariantName = "[No Variations]"
Add component (AddParameter): Name = "MF"; Value = "KEMET"; VariantName = "[No Variations]"
Add component (AddParameter): Name = "MP"; Value = "C0805C473K1RACTU"; VariantName = "[No Variations]"
Add component (AddParameter): Name = "Package"; Value = "805-2 KEMET"; VariantName = "[No Variations]"
Add component (AddParameter): Name = "SnapEDA_Link"; Value = "https://www.snapeda.com/parts/C0805C473K1RACTU/KEMET/view-part/?ref=snap"; VariantName = "[No Variations]"
Add component (AddParameter): Name = "Value"; Value = ""; VariantName = "[No Variations]"
Added Component: Designator=C14(CAPC2012X88N)
Add component (AddParameter): Name = "Check_prices"; Value = "https://www.snapeda.com/parts/C0805C473K1RACTU/KEMET/view-part/?ref=eda"; VariantName = "[No Variations]"
Add component (AddParameter): Name = "MF"; Value = "KEMET"; VariantName = "[No Variations]"
Add component (AddParameter): Name = "MP"; Value = "C0805C473K1RACTU"; VariantName = "[No Variations]"
Add component (AddParameter): Name = "Package"; Value = "805-2 KEMET"; VariantName = "[No Variations]"
Add component (AddParameter): Name = "SnapEDA_Link"; Value = "https://www.snapeda.com/parts/C0805C473K1RACTU/KEMET/view-part/?ref=snap"; VariantName = "[No Variations]"
Add component (AddParameter): Name = "Value"; Value = ""; VariantName = "[No Variations]"
Added Component: Designator=Charge(TP4056)
Added Component: Designator=D1(DIO_PESD0402-140)
Add component (AddParameter): Name = "Check_prices"; Value = "https://www.snapeda.com/parts/PESD0402-140/Littelfuse/view-part/?ref=eda"; VariantName = "[No Variations]"
Add component (AddParameter): Name = "MF"; Value = "Littelfuse Inc."; VariantName = "[No Variations]"
Add component (AddParameter): Name = "MP"; Value = "PESD0402-140"; VariantName = "[No Variations]"
Add component (AddParameter): Name = "Package"; Value = "0402 Littelfuse Inc."; VariantName = "[No Variations]"
Add component (AddParameter): Name = "SnapEDA_Link"; Value = "https://www.snapeda.com/parts/PESD0402-140/Littelfuse/view-part/?ref=snap"; VariantName = "[No Variations]"
Add component (AddParameter): Name = "Value"; Value = ""; VariantName = "[No Variations]"
Added Component: Designator=D2(DIO_PESD0402-140)
Add component (AddParameter): Name = "Check_prices"; Value = "https://www.snapeda.com/parts/PESD0402-140/Littelfuse/view-part/?ref=eda"; VariantName = "[No Variations]"
Add component (AddParameter): Name = "MF"; Value = "Littelfuse Inc."; VariantName = "[No Variations]"
Add component (AddParameter): Name = "MP"; Value = "PESD0402-140"; VariantName = "[No Variations]"
Add component (AddParameter): Name = "Package"; Value = "0402 Littelfuse Inc."; VariantName = "[No Variations]"
Add component (AddParameter): Name = "SnapEDA_Link"; Value = "https://www.snapeda.com/parts/PESD0402-140/Littelfuse/view-part/?ref=snap"; VariantName = "[No Variations]"
Add component (AddParameter): Name = "Value"; Value = ""; VariantName = "[No Variations]"
Added Component: Designator=J1(MOLEX_1054500101)
Add component (AddParameter): Name = "Check_prices"; Value = "https://www.snapeda.com/parts/1054500101/Molex/view-part/?ref=eda"; VariantName = "[No Variations]"
Add component (AddParameter): Name = "MF"; Value = "Molex"; VariantName = "[No Variations]"
Add component (AddParameter): Name = "MP"; Value = "1054500101"; VariantName = "[No Variations]"
Add component (AddParameter): Name = "Package"; Value = "None"; VariantName = "[No Variations]"
Add component (AddParameter): Name = "SnapEDA_Link"; Value = "https://www.snapeda.com/parts/1054500101/Molex/view-part/?ref=snap"; VariantName = "[No Variations]"
Add component (AddParameter): Name = "Value"; Value = ""; VariantName = "[No Variations]"
Added Component: Designator=PINS(PLS-4 (DS-1021-1x4))
Added Component: Designator=R1(Resistor 0.001)
Added Component: Designator=R2(Yageo RC0805JR-0710KL)
Added Component: Designator=R3(Yageo RC0805JR-0710KL)
Added Component: Designator=R4(CR0805-JW-220ELF)
Added Component: Designator=R5(Yageo RC0805JR-0710KL)
Added Component: Designator=R6(RC0805FR-075K1L)
Added Component: Designator=R7(RC0805FR-075K1L)
Added Component: Designator=R8(RC0805FR-071ML)
Added Component: Designator=U1(HOLYIOT NRF54H20)
Added Component: Designator=U2(HOLYIOT NRF54L15)
Added Component: Designator=U3(SOIC127P790X216-8N)
Add component (AddParameter): Name = "Check_prices"; Value = "https://www.snapeda.com/parts/W25Q128JVSIQ/Winbond/view-part/?ref=eda"; VariantName = "[No Variations]"
Add component (AddParameter): Name = "MF"; Value = "Winbond Electronics"; VariantName = "[No Variations]"
Add component (AddParameter): Name = "MP"; Value = "W25Q128JVSIQ"; VariantName = "[No Variations]"
Add component (AddParameter): Name = "Package"; Value = "SOIC-8 Winbond Electronics"; VariantName = "[No Variations]"
Add component (AddParameter): Name = "SnapEDA_Link"; Value = "https://www.snapeda.com/parts/W25Q128JVSIQ/Winbond/view-part/?ref=snap"; VariantName = "[No Variations]"
Add component (AddParameter): Name = "Value"; Value = ""; VariantName = "[No Variations]"
Added Component: Designator=VR1(SOT95P237X112-3N)
Add component (AddParameter): Name = "Check_prices"; Value = "https://www.snapeda.com/parts/MCP1700T-3302E/TT/Microchip/view-part/?ref=eda"; VariantName = "[No Variations]"
Add component (AddParameter): Name = "MF"; Value = "Microchip"; VariantName = "[No Variations]"
Add component (AddParameter): Name = "MP"; Value = "MCP1700T-3302E/TT"; VariantName = "[No Variations]"
Add component (AddParameter): Name = "Package"; Value = "SOT-23 Microchip"; VariantName = "[No Variations]"
Add component (AddParameter): Name = "SnapEDA_Link"; Value = "https://www.snapeda.com/parts/MCP1700T-3302E/TT/Microchip/view-part/?ref=snap"; VariantName = "[No Variations]"
Add component (AddParameter): Name = "Value"; Value = ""; VariantName = "[No Variations]"
Added Component: Designator=XA1(PLS-1)
Added Component: Designator=XA2(PLS-1)
Added Component: Designator=XA3(PLS-1)
Added Component: Designator=XA4(PLS-1)
Added Component: Designator=XA5(PLS-1)
Added Component: Designator=XA6(PLS-1)
Added Component: Designator=XA7(PLS-1)
Added Component: Designator=XA8(PLS-1)
Added Component: Designator=XA9(PLS-1)
Added Component: Designator=XA10(PLS-1)
Added Component: Designator=XA11(PLS-1)
Added Component: Designator=XA12(PLS-1)
Added Component: Designator=XA13(PLS-1)
Added Component: Designator=XA14(PLS-1)
Added Component: Designator=XA15(PLS-1)
Added Component: Designator=XA16(PLS-1)
Added Component: Designator=XA17(PLS-1)
Added Component: Designator=XA18(PLS-1)
Added Component: Designator=XA19(PLS-1)
Added Component: Designator=XA20(PLS-1)
Added Component: Designator=XA21(PLS-1)
Added Component: Designator=XA22(PLS-1)
Added Component: Designator=XA23(PLS-1)
Added Component: Designator=XA24(PLS-1)
Added Component: Designator=XA25(PLS-1)
Added Component: Designator=XA26(PLS-1)
Added Component: Designator=XA27(PLS-1)
Added Component: Designator=XA28(PLS-1)
Added Component: Designator=XA29(PLS-1)
Added Component: Designator=XA30(PLS-1)
Added Component: Designator=XA31(PLS-1)
Added Component: Designator=XA32(PLS-1)
Added Component: Designator=XA33(PLS-1)
Added Component: Designator=XA34(PLS-1)
Added Component: Designator=XA35(PLS-1)
Added Component: Designator=XA36(PLS-1)
Added Component: Designator=XA37(PLS-1)
Added Component: Designator=XA38(PLS-1)
Added Component: Designator=XA39(PLS-1)
Added Component: Designator=XA40(PLS-1)
Added Component: Designator=XA41(PLS-1)
Added Component: Designator=XA42(PLS-1)
Added Component: Designator=XA43(PLS-1)
Added Component: Designator=XA44(PLS-1)
Added Component: Designator=XA45(PLS-1)
Added Component: Designator=XA46(PLS-1)
Added Component: Designator=XA47(PLS-1)
Added Component: Designator=XA48(PLS-1)
Added Component: Designator=XA49(PLS-1)
Added Component: Designator=XA50(PLS-1)
Added Component: Designator=XA51(PLS-1)
Added Component: Designator=XA52(PLS-1)
Added Component: Designator=XA53(PLS-1)
Added Component: Designator=XA54(PLS-1)
Added Component: Designator=XA55(PLS-1)
Added Component: Designator=XA56(PLS-1)
Added Component: Designator=XA57(PLS-1)
Added Component: Designator=XA58(PLS-1)
Added Component: Designator=XA59(PLS-1)
Added Component: Designator=XA60(PLS-1)
Added Component: Designator=XA61(PLS-1)
Added Component: Designator=XA62(PLS-1)
Added Component: Designator=XA63(PLS-1)
Added Component: Designator=XA64(PLS-1)
Added Component: Designator=XA65(PLS-1)
Added Component: Designator=XA66(PLS-1)
Added Component: Designator=XA67(PLS-1)
Added Component: Designator=XA68(PLS-1)
Added Component: Designator=XA69(PLS-1)
Added Component: Designator=XA70(PLS-1)
Added Component: Designator=XA71(PLS-1)
Added Component: Designator=XA72(PLS-1)
Added Component: Designator=XA73(PLS-1)
Added Component: Designator=XA74(PLS-1)
Added Component: Designator=XA75(PLS-1)
Added Component: Designator=XA76(PLS-1)
Added Component: Designator=XA77(PLS-1)
Added Component: Designator=XA78(PLS-1)
Added Component: Designator=XA79(PLS-1)
Added Component: Designator=XA80(PLS-1)
Added Component: Designator=XA81(PLS-1)
Added Component: Designator=XA82(PLS-1)
Added Component: Designator=XA83(PLS-1)
Added Component: Designator=XA84(PLS-1)
Added Component: Designator=XA85(PLS-1)
Added Component: Designator=XA86(PLS-1)
Added Component: Designator=XA87(PLS-1)
Added Component: Designator=XA88(PLS-1)
Added Component: Designator=XA89(PLS-1)
Added Component: Designator=XA90(PLS-1)
Added Component: Designator=XA91(PLS-1)
Added Component: Designator=XA92(PLS-1)
Added Component: Designator=XA93(PLS-1)
Added Pin To Net: NetName=DATA_N Pin=D1-1
Added Pin To Net: NetName=DATA_N Pin=J1-A7
Added Pin To Net: NetName=DATA_N Pin=J1-B7
Added Pin To Net: NetName=DATA_N Pin=U1-78
Added Net: Name=DATA_N
Added Pin To Net: NetName=DATA_P Pin=D2-1
Added Pin To Net: NetName=DATA_P Pin=J1-A6
Added Pin To Net: NetName=DATA_P Pin=J1-B6
Added Pin To Net: NetName=DATA_P Pin=U1-79
Added Net: Name=DATA_P
Added Pin To Net: NetName=GND Pin=ANTENNA H1-S1
Added Pin To Net: NetName=GND Pin=ANTENNA H1-S2
Added Pin To Net: NetName=GND Pin=ANTENNA L1-S1
Added Pin To Net: NetName=GND Pin=ANTENNA L1-S2
Added Pin To Net: NetName=GND Pin=C1-1
Added Pin To Net: NetName=GND Pin=C2-1
Added Pin To Net: NetName=GND Pin=C3-1
Added Pin To Net: NetName=GND Pin=C4-1
Added Pin To Net: NetName=GND Pin=C5-1
Added Pin To Net: NetName=GND Pin=C6-1
Added Pin To Net: NetName=GND Pin=C7-1
Added Pin To Net: NetName=GND Pin=C8-2
Added Pin To Net: NetName=GND Pin=C9-1
Added Pin To Net: NetName=GND Pin=C10-2
Added Pin To Net: NetName=GND Pin=Charge-4
Added Pin To Net: NetName=GND Pin=D1-2
Added Pin To Net: NetName=GND Pin=D2-2
Added Pin To Net: NetName=GND Pin=J1-A1
Added Pin To Net: NetName=GND Pin=J1-A12
Added Pin To Net: NetName=GND Pin=J1-B1
Added Pin To Net: NetName=GND Pin=J1-B12
Added Pin To Net: NetName=GND Pin=PINS-5
Added Pin To Net: NetName=GND Pin=R6-1
Added Pin To Net: NetName=GND Pin=R7-2
Added Pin To Net: NetName=GND Pin=R8-2
Added Pin To Net: NetName=GND Pin=U1-1
Added Pin To Net: NetName=GND Pin=U1-4
Added Pin To Net: NetName=GND Pin=U1-28
Added Pin To Net: NetName=GND Pin=U1-29
Added Pin To Net: NetName=GND Pin=U1-58
Added Pin To Net: NetName=GND Pin=U2-1
Added Pin To Net: NetName=GND Pin=U2-36
Added Pin To Net: NetName=GND Pin=U3-4
Added Pin To Net: NetName=GND Pin=VR1-1
Added Net: Name=GND
Added Pin To Net: NetName=Net+3.3V_1 Pin=+3.3V-1
Added Pin To Net: NetName=Net+3.3V_1 Pin=Charge-3
Added Net: Name=Net+3.3V_1
Added Pin To Net: NetName=Net+3.3V_2 Pin=+3.3V-2
Added Pin To Net: NetName=Net+3.3V_2 Pin=Charge-2
Added Net: Name=Net+3.3V_2
Added Pin To Net: NetName=NetANTENNA H1_1 Pin=ANTENNA H1-1
Added Pin To Net: NetName=NetANTENNA H1_1 Pin=C14-1
Added Net: Name=NetANTENNA H1_1
Added Pin To Net: NetName=NetANTENNA H1_2 Pin=ANTENNA H1-2
Added Pin To Net: NetName=NetANTENNA H1_2 Pin=C13-1
Added Net: Name=NetANTENNA H1_2
Added Pin To Net: NetName=NetANTENNA L1_1 Pin=ANTENNA L1-1
Added Pin To Net: NetName=NetANTENNA L1_1 Pin=C11-1
Added Net: Name=NetANTENNA L1_1
Added Pin To Net: NetName=NetANTENNA L1_2 Pin=ANTENNA L1-2
Added Pin To Net: NetName=NetANTENNA L1_2 Pin=C12-1
Added Net: Name=NetANTENNA L1_2
Added Pin To Net: NetName=NetBut1_1 Pin=But1-1
Added Pin To Net: NetName=NetBut1_1 Pin=Charge-1
Added Net: Name=NetBut1_1
Added Pin To Net: NetName=NetBut1_2 Pin=But1-2
Added Pin To Net: NetName=NetBut1_2 Pin=C1-2
Added Pin To Net: NetName=NetBut1_2 Pin=VR1-3
Added Net: Name=NetBut1_2
Added Pin To Net: NetName=NetBut2_2 Pin=But2-2
Added Pin To Net: NetName=NetBut2_2 Pin=R2-1
Added Net: Name=NetBut2_2
Added Pin To Net: NetName=NetC2_2 Pin=C2-2
Added Pin To Net: NetName=NetC2_2 Pin=R1-1
Added Pin To Net: NetName=NetC2_2 Pin=VR1-2
Added Net: Name=NetC2_2
Added Pin To Net: NetName=NetC3_2 Pin=C3-2
Added Pin To Net: NetName=NetC3_2 Pin=C4-2
Added Pin To Net: NetName=NetC3_2 Pin=C5-2
Added Pin To Net: NetName=NetC3_2 Pin=PINS-1
Added Pin To Net: NetName=NetC3_2 Pin=R1-2
Added Pin To Net: NetName=NetC3_2 Pin=R2-2
Added Pin To Net: NetName=NetC3_2 Pin=R5-1
Added Pin To Net: NetName=NetC3_2 Pin=U1-2
Added Pin To Net: NetName=NetC3_2 Pin=U2-9
Added Pin To Net: NetName=NetC3_2 Pin=U3-8
Added Net: Name=NetC3_2
Added Pin To Net: NetName=NetC6_2 Pin=C6-2
Added Pin To Net: NetName=NetC6_2 Pin=J1-SH1
Added Pin To Net: NetName=NetC6_2 Pin=J1-SH2
Added Pin To Net: NetName=NetC6_2 Pin=J1-SH3
Added Pin To Net: NetName=NetC6_2 Pin=J1-SH4
Added Pin To Net: NetName=NetC6_2 Pin=R8-1
Added Net: Name=NetC6_2
Added Pin To Net: NetName=NetC7_2 Pin=C7-2
Added Pin To Net: NetName=NetC7_2 Pin=C11-2
Added Pin To Net: NetName=NetC7_2 Pin=U2-10
Added Net: Name=NetC7_2
Added Pin To Net: NetName=NetC8_1 Pin=C8-1
Added Pin To Net: NetName=NetC8_1 Pin=C12-2
Added Pin To Net: NetName=NetC8_1 Pin=U2-11
Added Net: Name=NetC8_1
Added Pin To Net: NetName=NetC9_2 Pin=C9-2
Added Pin To Net: NetName=NetC9_2 Pin=C14-2
Added Pin To Net: NetName=NetC9_2 Pin=U1-26
Added Net: Name=NetC9_2
Added Pin To Net: NetName=NetC10_1 Pin=C10-1
Added Pin To Net: NetName=NetC10_1 Pin=C13-2
Added Pin To Net: NetName=NetC10_1 Pin=U1-27
Added Net: Name=NetC10_1
Added Pin To Net: NetName=NetJ1_A4 Pin=J1-A4
Added Pin To Net: NetName=NetJ1_A4 Pin=J1-A9
Added Pin To Net: NetName=NetJ1_A4 Pin=J1-B4
Added Pin To Net: NetName=NetJ1_A4 Pin=J1-B9
Added Pin To Net: NetName=NetJ1_A4 Pin=U1-77
Added Net: Name=NetJ1_A4
Added Pin To Net: NetName=NetJ1_A5 Pin=J1-A5
Added Pin To Net: NetName=NetJ1_A5 Pin=R6-2
Added Net: Name=NetJ1_A5
Added Pin To Net: NetName=NetJ1_B5 Pin=J1-B5
Added Pin To Net: NetName=NetJ1_B5 Pin=R7-1
Added Net: Name=NetJ1_B5
Added Pin To Net: NetName=NetR3_1 Pin=R3-1
Added Pin To Net: NetName=NetR3_1 Pin=U1-7
Added Net: Name=NetR3_1
Added Pin To Net: NetName=NetR3_2 Pin=R3-2
Added Pin To Net: NetName=NetR3_2 Pin=U3-1
Added Net: Name=NetR3_2
Added Pin To Net: NetName=NetR4_1 Pin=R4-1
Added Pin To Net: NetName=NetR4_1 Pin=U1-15
Added Net: Name=NetR4_1
Added Pin To Net: NetName=NetR4_2 Pin=R4-2
Added Pin To Net: NetName=NetR4_2 Pin=U3-6
Added Net: Name=NetR4_2
Added Pin To Net: NetName=NetR5_2 Pin=R5-2
Added Pin To Net: NetName=NetR5_2 Pin=U3-7
Added Net: Name=NetR5_2
Added Pin To Net: NetName=NetU1_3 Pin=U1-3
Added Pin To Net: NetName=NetU1_3 Pin=XA43-1
Added Net: Name=NetU1_3
Added Pin To Net: NetName=NetU1_5 Pin=U1-5
Added Pin To Net: NetName=NetU1_5 Pin=XA46-1
Added Net: Name=NetU1_5
Added Pin To Net: NetName=NetU1_6 Pin=U1-6
Added Pin To Net: NetName=NetU1_6 Pin=XA45-1
Added Net: Name=NetU1_6
Added Pin To Net: NetName=NetU1_8 Pin=U1-8
Added Pin To Net: NetName=NetU1_8 Pin=XA85-1
Added Net: Name=NetU1_8
Added Pin To Net: NetName=NetU1_9 Pin=U1-9
Added Pin To Net: NetName=NetU1_9 Pin=XA84-1
Added Net: Name=NetU1_9
Added Pin To Net: NetName=NetU1_10 Pin=U1-10
Added Pin To Net: NetName=NetU1_10 Pin=U3-3
Added Net: Name=NetU1_10
Added Pin To Net: NetName=NetU1_11 Pin=U1-11
Added Pin To Net: NetName=NetU1_11 Pin=XA83-1
Added Net: Name=NetU1_11
Added Pin To Net: NetName=NetU1_12 Pin=U1-12
Added Pin To Net: NetName=NetU1_12 Pin=XA82-1
Added Net: Name=NetU1_12
Added Pin To Net: NetName=NetU1_13 Pin=U1-13
Added Pin To Net: NetName=NetU1_13 Pin=U3-5
Added Net: Name=NetU1_13
Added Pin To Net: NetName=NetU1_14 Pin=U1-14
Added Pin To Net: NetName=NetU1_14 Pin=XA81-1
Added Net: Name=NetU1_14
Added Pin To Net: NetName=NetU1_16 Pin=U1-16
Added Pin To Net: NetName=NetU1_16 Pin=XA77-1
Added Net: Name=NetU1_16
Added Pin To Net: NetName=NetU1_17 Pin=U1-17
Added Pin To Net: NetName=NetU1_17 Pin=XA78-1
Added Net: Name=NetU1_17
Added Pin To Net: NetName=NetU1_18 Pin=U1-18
Added Pin To Net: NetName=NetU1_18 Pin=XA79-1
Added Net: Name=NetU1_18
Added Pin To Net: NetName=NetU1_19 Pin=U1-19
Added Pin To Net: NetName=NetU1_19 Pin=XA80-1
Added Net: Name=NetU1_19
Added Pin To Net: NetName=NetU1_20 Pin=U1-20
Added Pin To Net: NetName=NetU1_20 Pin=U3-2
Added Net: Name=NetU1_20
Added Pin To Net: NetName=NetU1_21 Pin=U1-21
Added Pin To Net: NetName=NetU1_21 Pin=XA67-1
Added Net: Name=NetU1_21
Added Pin To Net: NetName=NetU1_22 Pin=U1-22
Added Pin To Net: NetName=NetU1_22 Pin=XA68-1
Added Net: Name=NetU1_22
Added Pin To Net: NetName=NetU1_23 Pin=U1-23
Added Pin To Net: NetName=NetU1_23 Pin=XA69-1
Added Net: Name=NetU1_23
Added Pin To Net: NetName=NetU1_24 Pin=U1-24
Added Pin To Net: NetName=NetU1_24 Pin=XA70-1
Added Net: Name=NetU1_24
Added Pin To Net: NetName=NetU1_25 Pin=U1-25
Added Pin To Net: NetName=NetU1_25 Pin=XA71-1
Added Net: Name=NetU1_25
Added Pin To Net: NetName=NetU1_30 Pin=U1-30
Added Pin To Net: NetName=NetU1_30 Pin=XA76-1
Added Net: Name=NetU1_30
Added Pin To Net: NetName=NetU1_31 Pin=U1-31
Added Pin To Net: NetName=NetU1_31 Pin=XA75-1
Added Net: Name=NetU1_31
Added Pin To Net: NetName=NetU1_32 Pin=U1-32
Added Pin To Net: NetName=NetU1_32 Pin=XA74-1
Added Net: Name=NetU1_32
Added Pin To Net: NetName=NetU1_33 Pin=U1-33
Added Pin To Net: NetName=NetU1_33 Pin=XA73-1
Added Net: Name=NetU1_33
Added Pin To Net: NetName=NetU1_34 Pin=U1-34
Added Pin To Net: NetName=NetU1_34 Pin=XA72-1
Added Net: Name=NetU1_34
Added Pin To Net: NetName=NetU1_35 Pin=U1-35
Added Pin To Net: NetName=NetU1_35 Pin=XA93-1
Added Net: Name=NetU1_35
Added Pin To Net: NetName=NetU1_36 Pin=U1-36
Added Pin To Net: NetName=NetU1_36 Pin=XA92-1
Added Net: Name=NetU1_36
Added Pin To Net: NetName=NetU1_37 Pin=U1-37
Added Pin To Net: NetName=NetU1_37 Pin=XA91-1
Added Net: Name=NetU1_37
Added Pin To Net: NetName=NetU1_38 Pin=U1-38
Added Pin To Net: NetName=NetU1_38 Pin=XA90-1
Added Net: Name=NetU1_38
Added Pin To Net: NetName=NetU1_39 Pin=U1-39
Added Pin To Net: NetName=NetU1_39 Pin=XA89-1
Added Net: Name=NetU1_39
Added Pin To Net: NetName=NetU1_40 Pin=U1-40
Added Pin To Net: NetName=NetU1_40 Pin=XA88-1
Added Net: Name=NetU1_40
Added Pin To Net: NetName=NetU1_41 Pin=U1-41
Added Pin To Net: NetName=NetU1_41 Pin=XA87-1
Added Net: Name=NetU1_41
Added Pin To Net: NetName=NetU1_42 Pin=U1-42
Added Pin To Net: NetName=NetU1_42 Pin=XA86-1
Added Net: Name=NetU1_42
Added Pin To Net: NetName=NetU1_43 Pin=U1-43
Added Pin To Net: NetName=NetU1_43 Pin=XA22-1
Added Net: Name=NetU1_43
Added Pin To Net: NetName=NetU1_44 Pin=U1-44
Added Pin To Net: NetName=NetU1_44 Pin=XA21-1
Added Net: Name=NetU1_44
Added Pin To Net: NetName=NetU1_45 Pin=U1-45
Added Pin To Net: NetName=NetU1_45 Pin=XA18-1
Added Net: Name=NetU1_45
Added Pin To Net: NetName=NetU1_46 Pin=U1-46
Added Pin To Net: NetName=NetU1_46 Pin=XA19-1
Added Net: Name=NetU1_46
Added Pin To Net: NetName=NetU1_47 Pin=U1-47
Added Pin To Net: NetName=NetU1_47 Pin=XA20-1
Added Net: Name=NetU1_47
Added Pin To Net: NetName=NetU1_48 Pin=U1-48
Added Pin To Net: NetName=NetU1_48 Pin=XA37-1
Added Net: Name=NetU1_48
Added Pin To Net: NetName=NetU1_49 Pin=U1-49
Added Pin To Net: NetName=NetU1_49 Pin=XA38-1
Added Net: Name=NetU1_49
Added Pin To Net: NetName=NetU1_50 Pin=U1-50
Added Pin To Net: NetName=NetU1_50 Pin=XA13-1
Added Net: Name=NetU1_50
Added Pin To Net: NetName=NetU1_51 Pin=U1-51
Added Pin To Net: NetName=NetU1_51 Pin=XA17-1
Added Net: Name=NetU1_51
Added Pin To Net: NetName=NetU1_52 Pin=U1-52
Added Pin To Net: NetName=NetU1_52 Pin=XA29-1
Added Net: Name=NetU1_52
Added Pin To Net: NetName=NetU1_53 Pin=U1-53
Added Pin To Net: NetName=NetU1_53 Pin=XA28-1
Added Net: Name=NetU1_53
Added Pin To Net: NetName=NetU1_54 Pin=U1-54
Added Pin To Net: NetName=NetU1_54 Pin=XA27-1
Added Net: Name=NetU1_54
Added Pin To Net: NetName=NetU1_55 Pin=U1-55
Added Pin To Net: NetName=NetU1_55 Pin=XA44-1
Added Net: Name=NetU1_55
Added Pin To Net: NetName=NetU1_56 Pin=U1-56
Added Pin To Net: NetName=NetU1_56 Pin=XA26-1
Added Net: Name=NetU1_56
Added Pin To Net: NetName=NetU1_57 Pin=U1-57
Added Pin To Net: NetName=NetU1_57 Pin=XA25-1
Added Net: Name=NetU1_57
Added Pin To Net: NetName=NetU1_59 Pin=U1-59
Added Pin To Net: NetName=NetU1_59 Pin=XA31-1
Added Net: Name=NetU1_59
Added Pin To Net: NetName=NetU1_60 Pin=U1-60
Added Pin To Net: NetName=NetU1_60 Pin=XA32-1
Added Net: Name=NetU1_60
Added Pin To Net: NetName=NetU1_61 Pin=U1-61
Added Pin To Net: NetName=NetU1_61 Pin=XA34-1
Added Net: Name=NetU1_61
Added Pin To Net: NetName=NetU1_62 Pin=U1-62
Added Pin To Net: NetName=NetU1_62 Pin=XA42-1
Added Net: Name=NetU1_62
Added Pin To Net: NetName=NetU1_63 Pin=U1-63
Added Pin To Net: NetName=NetU1_63 Pin=XA41-1
Added Net: Name=NetU1_63
Added Pin To Net: NetName=NetU1_64 Pin=U1-64
Added Pin To Net: NetName=NetU1_64 Pin=XA40-1
Added Net: Name=NetU1_64
Added Pin To Net: NetName=NetU1_65 Pin=U1-65
Added Pin To Net: NetName=NetU1_65 Pin=XA39-1
Added Net: Name=NetU1_65
Added Pin To Net: NetName=NetU1_66 Pin=U1-66
Added Pin To Net: NetName=NetU1_66 Pin=XA16-1
Added Net: Name=NetU1_66
Added Pin To Net: NetName=NetU1_67 Pin=U1-67
Added Pin To Net: NetName=NetU1_67 Pin=XA15-1
Added Net: Name=NetU1_67
Added Pin To Net: NetName=NetU1_68 Pin=U1-68
Added Pin To Net: NetName=NetU1_68 Pin=XA14-1
Added Net: Name=NetU1_68
Added Pin To Net: NetName=NetU1_69 Pin=U1-69
Added Pin To Net: NetName=NetU1_69 Pin=XA23-1
Added Net: Name=NetU1_69
Added Pin To Net: NetName=NetU1_70 Pin=U1-70
Added Pin To Net: NetName=NetU1_70 Pin=XA24-1
Added Net: Name=NetU1_70
Added Pin To Net: NetName=NetU1_71 Pin=U1-71
Added Pin To Net: NetName=NetU1_71 Pin=XA47-1
Added Net: Name=NetU1_71
Added Pin To Net: NetName=NetU1_75 Pin=U1-75
Added Pin To Net: NetName=NetU1_75 Pin=XA48-1
Added Net: Name=NetU1_75
Added Pin To Net: NetName=NetU1_76 Pin=U1-76
Added Pin To Net: NetName=NetU1_76 Pin=XA66-1
Added Net: Name=NetU1_76
Added Pin To Net: NetName=NetU1_80 Pin=U1-80
Added Pin To Net: NetName=NetU1_80 Pin=XA65-1
Added Net: Name=NetU1_80
Added Pin To Net: NetName=NetU1_81 Pin=U1-81
Added Pin To Net: NetName=NetU1_81 Pin=XA35-1
Added Net: Name=NetU1_81
Added Pin To Net: NetName=NetU1_82 Pin=U1-82
Added Pin To Net: NetName=NetU1_82 Pin=XA36-1
Added Net: Name=NetU1_82
Added Pin To Net: NetName=NetU1_83 Pin=U1-83
Added Pin To Net: NetName=NetU1_83 Pin=XA33-1
Added Net: Name=NetU1_83
Added Pin To Net: NetName=NetU1_84 Pin=U1-84
Added Pin To Net: NetName=NetU1_84 Pin=XA30-1
Added Net: Name=NetU1_84
Added Pin To Net: NetName=NetU2_2 Pin=U2-2
Added Pin To Net: NetName=NetU2_2 Pin=XA54-1
Added Net: Name=NetU2_2
Added Pin To Net: NetName=NetU2_3 Pin=U2-3
Added Pin To Net: NetName=NetU2_3 Pin=XA53-1
Added Net: Name=NetU2_3
Added Pin To Net: NetName=NetU2_4 Pin=U2-4
Added Pin To Net: NetName=NetU2_4 Pin=XA12-1
Added Net: Name=NetU2_4
Added Pin To Net: NetName=NetU2_5 Pin=U2-5
Added Pin To Net: NetName=NetU2_5 Pin=XA52-1
Added Net: Name=NetU2_5
Added Pin To Net: NetName=NetU2_6 Pin=U2-6
Added Pin To Net: NetName=NetU2_6 Pin=XA51-1
Added Net: Name=NetU2_6
Added Pin To Net: NetName=NetU2_7 Pin=U2-7
Added Pin To Net: NetName=NetU2_7 Pin=XA50-1
Added Net: Name=NetU2_7
Added Pin To Net: NetName=NetU2_8 Pin=U2-8
Added Pin To Net: NetName=NetU2_8 Pin=XA49-1
Added Net: Name=NetU2_8
Added Pin To Net: NetName=NetU2_12 Pin=U2-12
Added Pin To Net: NetName=NetU2_12 Pin=XA59-1
Added Net: Name=NetU2_12
Added Pin To Net: NetName=NetU2_13 Pin=U2-13
Added Pin To Net: NetName=NetU2_13 Pin=XA58-1
Added Net: Name=NetU2_13
Added Pin To Net: NetName=NetU2_14 Pin=U2-14
Added Pin To Net: NetName=NetU2_14 Pin=XA57-1
Added Net: Name=NetU2_14
Added Pin To Net: NetName=NetU2_15 Pin=U2-15
Added Pin To Net: NetName=NetU2_15 Pin=XA56-1
Added Net: Name=NetU2_15
Added Pin To Net: NetName=NetU2_16 Pin=U2-16
Added Pin To Net: NetName=NetU2_16 Pin=XA55-1
Added Net: Name=NetU2_16
Added Pin To Net: NetName=NetU2_17 Pin=U2-17
Added Pin To Net: NetName=NetU2_17 Pin=XA11-1
Added Net: Name=NetU2_17
Added Pin To Net: NetName=NetU2_18 Pin=U2-18
Added Pin To Net: NetName=NetU2_18 Pin=XA10-1
Added Net: Name=NetU2_18
Added Pin To Net: NetName=NetU2_19 Pin=U2-19
Added Pin To Net: NetName=NetU2_19 Pin=XA9-1
Added Net: Name=NetU2_19
Added Pin To Net: NetName=NetU2_20 Pin=U2-20
Added Pin To Net: NetName=NetU2_20 Pin=XA8-1
Added Net: Name=NetU2_20
Added Pin To Net: NetName=NetU2_21 Pin=U2-21
Added Pin To Net: NetName=NetU2_21 Pin=XA7-1
Added Net: Name=NetU2_21
Added Pin To Net: NetName=NetU2_22 Pin=U2-22
Added Pin To Net: NetName=NetU2_22 Pin=XA6-1
Added Net: Name=NetU2_22
Added Pin To Net: NetName=NetU2_23 Pin=U2-23
Added Pin To Net: NetName=NetU2_23 Pin=XA5-1
Added Net: Name=NetU2_23
Added Pin To Net: NetName=NetU2_24 Pin=U2-24
Added Pin To Net: NetName=NetU2_24 Pin=XA4-1
Added Net: Name=NetU2_24
Added Pin To Net: NetName=NetU2_25 Pin=U2-25
Added Pin To Net: NetName=NetU2_25 Pin=XA3-1
Added Net: Name=NetU2_25
Added Pin To Net: NetName=NetU2_26 Pin=U2-26
Added Pin To Net: NetName=NetU2_26 Pin=XA2-1
Added Net: Name=NetU2_26
Added Pin To Net: NetName=NetU2_27 Pin=U2-27
Added Pin To Net: NetName=NetU2_27 Pin=XA1-1
Added Net: Name=NetU2_27
Added Pin To Net: NetName=NetU2_28 Pin=U2-28
Added Pin To Net: NetName=NetU2_28 Pin=XA64-1
Added Net: Name=NetU2_28
Added Pin To Net: NetName=NetU2_29 Pin=U2-29
Added Pin To Net: NetName=NetU2_29 Pin=XA63-1
Added Net: Name=NetU2_29
Added Pin To Net: NetName=NetU2_32 Pin=U2-32
Added Pin To Net: NetName=NetU2_32 Pin=XA62-1
Added Net: Name=NetU2_32
Added Pin To Net: NetName=NetU2_33 Pin=U2-33
Added Pin To Net: NetName=NetU2_33 Pin=XA61-1
Added Net: Name=NetU2_33
Added Pin To Net: NetName=NetU2_34 Pin=U2-34
Added Pin To Net: NetName=NetU2_34 Pin=XA60-1
Added Net: Name=NetU2_34
Added Pin To Net: NetName=nRESET Pin=But2-1
Added Pin To Net: NetName=nRESET Pin=PINS-4
Added Pin To Net: NetName=nRESET Pin=U1-72
Added Pin To Net: NetName=nRESET Pin=U2-35
Added Net: Name=nRESET
Added Pin To Net: NetName=SWDCLK Pin=PINS-2
Added Pin To Net: NetName=SWDCLK Pin=U1-74
Added Pin To Net: NetName=SWDCLK Pin=U2-30
Added Net: Name=SWDCLK
Added Pin To Net: NetName=SWDIO Pin=PINS-3
Added Pin To Net: NetName=SWDIO Pin=U1-73
Added Pin To Net: NetName=SWDIO Pin=U2-31
Added Net: Name=SWDIO
Added Class: Name=U?
Add Class: Class already exists: U?
Add Class: Class already exists: U?
Add Class: Class already exists: U?
Add Class: Class already exists: U?
Add Class: Class already exists: U?
Added Differential Pair: Name=DATA
Added Rule: Name=Schematic Supply Nets
Added Class: Name=USB
