Removed Pin From Net: NetName=VDD_USB Pin=XP4-1
Removed Pin From Net: NetName=DVDD_USB Pin=XP4-2
Removed Pin From Net: NetName=P2.00 Pin=XP4-3
Removed Pin From Net: NetName=P2.01 Pin=XP4-4
Removed Pin From Net: NetName=P2.02 Pin=XP4-5
Removed Pin From Net: NetName=P2.03 Pin=XP4-6
Removed Pin From Net: NetName=P2.04 Pin=XP4-7
Removed Pin From Net: NetName=P2.05 Pin=XP4-8
Removed Pin From Net: NetName=P2.06 Pin=XP4-9
Removed Pin From Net: NetName=P2.07 Pin=XP4-10
Removed Pin From Net: NetName=P2.08 Pin=XP4-11
Removed Pin From Net: NetName=P2.09 Pin=XP4-12
Removed Pin From Net: NetName=P6.01 Pin=XP4-13
Removed Pin From Net: NetName=P6.02 Pin=XP4-14
Removed Pin From Net: NetName=P6.04 Pin=XP4-15
Removed Pin From Net: NetName=P6.06 Pin=XP4-16
Removed Pin From Net: NetName=P6.08 Pin=XP4-17
Removed Pin From Net: NetName=P6.11 Pin=XP4-18
Removed Pin From Net: NetName=P6.12 Pin=XP4-19
Removed Pin From Net: NetName=P7.00 Pin=XP4-20
Removed Pin From Net: NetName=P7.01 Pin=XP4-21
Removed Pin From Net: NetName=P7.02 Pin=XP4-22
Removed Pin From Net: NetName=P7.03 Pin=XP4-23
Removed Pin From Net: NetName=P7.04 Pin=XP4-24
Removed Pin From Net: NetName=P7.05 Pin=XP5-1
Removed Pin From Net: NetName=P7.06 Pin=XP5-2
Removed Pin From Net: NetName=P7.07 Pin=XP5-3
Removed Pin From Net: NetName=P0.00 Pin=XP5-4
Removed Pin From Net: NetName=P0.01 Pin=XP5-5
Removed Pin From Net: NetName=P0.02 Pin=XP5-6
Removed Pin From Net: NetName=P0.03 Pin=XP5-7
Removed Pin From Net: NetName=P0.04 Pin=XP5-8
Removed Pin From Net: NetName=P0.05 Pin=XP5-9
Removed Pin From Net: NetName=P0.06 Pin=XP5-10
Removed Pin From Net: NetName=P0.07 Pin=XP5-11
Removed Pin From Net: NetName=P0.08 Pin=XP5-12
Removed Pin From Net: NetName=P0.09 Pin=XP5-13
Removed Pin From Net: NetName=P0.10 Pin=XP5-14
Removed Pin From Net: NetName=P0.11 Pin=XP5-15
Removed Pin From Net: NetName=P1.01 Pin=XP5-16
Removed Pin From Net: NetName=P1.02 Pin=XP5-17
Removed Pin From Net: NetName=P1.03 Pin=XP5-18
Removed Pin From Net: NetName=P1.04 Pin=XP5-19
Removed Pin From Net: NetName=P1.05 Pin=XP5-20
Removed Pin From Net: NetName=P1.06 Pin=XP5-21
Removed Pin From Net: NetName=P1.07 Pin=XP5-22
Removed Pin From Net: NetName=P1.08 Pin=XP5-23
Removed Pin From Net: NetName=P1.09 Pin=XP5-24
Removed Pin From Net: NetName=P1.10 Pin=XP6-1
Removed Pin From Net: NetName=P1.11 Pin=XP6-2
Removed Pin From Net: NetName=P9.04 Pin=XP6-3
Removed Pin From Net: NetName=P9.05 Pin=XP6-4
Removed Pin From Net: NetName=VDD Pin=XP6-5
Removed Pin From Net: NetName=DVDD_AO Pin=XP6-6
Removed Pin From Net: NetName=DVDD Pin=XP6-7
Removed Pin From Net: NetName=VDDIO Pin=XP6-8
Removed Pin From Net: NetName=VDD_EXT Pin=XP6-9
Removed Pin From Net: NetName=VDDL Pin=XP6-10
Added Pin To Net: NetName=P1.05 Pin=XP6-7
Added Pin To Net: NetName=P1.08 Pin=XP6-9
Added Pin To Net: NetName=P1.11 Pin=XP6-10
