Removed Pin From Net: NetName=VCC3V3 Pin=3V3_VDDH-1
Removed Pin From Net: NetName=NetC15_1 Pin=3V3_VDDH-2
Removed Pin From Net: NetName=VCC5V0 Pin=5V0_VDDH-1
Removed Pin From Net: NetName=NetC15_1 Pin=5V0_VDDH-2
Removed Pin From Net: NetName=NetC15_1 Pin=C15-1
Removed Pin From Net: NetName=GND Pin=C15-2
Removed Pin From Net: NetName=NetC15_1 Pin=C18-1
Removed Pin From Net: NetName=GND Pin=C18-2
Removed Pin From Net: NetName=NetC15_1 Pin=C21-1
Removed Pin From Net: NetName=GND Pin=C21-2
Removed Member From Class: ClassName=MCU+GPIO Member=3V3_VDDH
Removed Member From Class: ClassName=MCU+GPIO Member=5V0_VDDH
Removed Member From Class: ClassName=MCU+GPIO Member=C15
Removed Member From Class: ClassName=MCU+GPIO Member=C18
Removed Member From Class: ClassName=MCU+GPIO Member=C21
Change Component Designator: OldDesignator=5V0_VBUS NewDesignator=S3
Change Component Designator: OldDesignator=NFC_ANT NewDesignator=XP1
Change Component Designator: OldDesignator=P1.00 NewDesignator=SB2
Change Component Designator: OldDesignator=P9.00 NewDesignator=VT1
Change Component Designator: OldDesignator=P9.01 NewDesignator=VT2
Change Component Designator: OldDesignator=P9.02 NewDesignator=VT3
Change Component Designator: OldDesignator=P9.03 NewDesignator=VT4
Change Component Designator: OldDesignator=POWER NewDesignator=HL3
Change Component Designator: OldDesignator=RESET NewDesignator=SB1
Added Component: Designator=XP7(PLS-3)
Add component (AddParameter): Name = "Connector type"; Value = "Вилка на плату"; VariantName = "[No Variations]"
Add component (AddParameter): Name = "Manufacturer"; Value = "NONAME"; VariantName = "[No Variations]"
Add component (AddParameter): Name = "Number of contacts"; Value = "3"; VariantName = "[No Variations]"
Add component (AddParameter): Name = "Type"; Value = "Разъем штыревой"; VariantName = "[No Variations]"
Added Pin To Net: NetName=VCC3V3 Pin=XP7-1
Added Pin To Net: NetName=NetC15_1 Pin=XP7-2
Added Pin To Net: NetName=VCC5V0 Pin=XP7-3
Change Net Name : Old Net Name=NetC15_1 New Net Name=NetC16_1
Added Member To Class: ClassName=MCU+GPIO Member=Component XP7 PLS-3
