Removed Pin From Net: NetName=VCC5V0 Pin=C15-1
Removed Pin From Net: NetName=VCC5V0 Pin=C16-1
Removed Pin From Net: NetName=VCC3V3 Pin=C17-1
Removed Pin From Net: NetName=VCC5V0 Pin=C18-1
Removed Pin From Net: NetName=VCC5V0 Pin=C19-1
Removed Pin From Net: NetName=VCC3V3 Pin=C20-1
Removed Pin From Net: NetName=VCC5V0 Pin=C21-1
Removed Pin From Net: NetName=VCC5V0 Pin=C22-1
Removed Pin From Net: NetName=VCC3V3 Pin=C23-1
Added Pin To Net: NetName=P9.03 Pin=C16-1
Added Pin To Net: NetName=P9.03 Pin=C19-1
Added Pin To Net: NetName=P9.03 Pin=C22-1
Added Pin To Net: NetName=P9.03 Pin=S1-2
Added Pin To Net: NetName=NetC15_1 Pin=C15-1
Added Pin To Net: NetName=NetC15_1 Pin=C18-1
Added Pin To Net: NetName=NetC15_1 Pin=C21-1
Added Pin To Net: NetName=NetC15_1 Pin=S3-2
Added Pin To Net: NetName=NetC15_1 Pin=U1-77
Added Net: Name=NetC15_1
Added Pin To Net: NetName=NetC17_1 Pin=C17-1
Added Pin To Net: NetName=NetC17_1 Pin=C20-1
Added Pin To Net: NetName=NetC17_1 Pin=C23-1
Added Pin To Net: NetName=NetC17_1 Pin=S2-2
Added Pin To Net: NetName=NetC17_1 Pin=U1-2
Added Net: Name=NetC17_1
